<?xml version="1.0" encoding="UTF-8"?>
<!-- Generated by org.testng.reporters.JUnitReportReporter -->
<testsuite hostname="LT-SAKSHI" failures="2" tests="26" name="com.TransBnk.TestClass_Payouts.TestClass_PayoutMakerCheckerMultiEntityDiffUser_For_RBL_Bank" time="184.479" errors="0" timestamp="2024-08-01T18:26:46 IST" skipped="0">
  <testcase classname="com.TransBnk.TestClass_Payouts.TestClass_PayoutMakerCheckerMultiEntityDiffUser_For_RBL_Bank" name="Verify_LoginToPayoutMakerUser" time="1.839"/>
  <testcase classname="com.TransBnk.TestClass_Payouts.TestClass_PayoutMakerCheckerMultiEntityDiffUser_For_RBL_Bank" name="Verify_Select_Entity" time="7.109"/>
  <testcase classname="com.TransBnk.TestClass_Payouts.TestClass_PayoutMakerCheckerMultiEntityDiffUser_For_RBL_Bank" name="Verify_Select_Program" time="36.449"/>
  <testcase classname="com.TransBnk.TestClass_Payouts.TestClass_PayoutMakerCheckerMultiEntityDiffUser_For_RBL_Bank" name="Verify_ClickOn_PayoutService" time="1.167"/>
  <testcase classname="com.TransBnk.TestClass_Payouts.TestClass_PayoutMakerCheckerMultiEntityDiffUser_For_RBL_Bank" name="Verify_ClickOn_Bulk_PayoutOption" time="2.139"/>
  <testcase classname="com.TransBnk.TestClass_Payouts.TestClass_PayoutMakerCheckerMultiEntityDiffUser_For_RBL_Bank" name="Verify_ClickOn_Add_Bulk_Payout_Button" time="2.461"/>
  <testcase classname="com.TransBnk.TestClass_Payouts.TestClass_PayoutMakerCheckerMultiEntityDiffUser_For_RBL_Bank" name="Veirfy_SelectBankName_RBL" time="1.978"/>
  <testcase classname="com.TransBnk.TestClass_Payouts.TestClass_PayoutMakerCheckerMultiEntityDiffUser_For_RBL_Bank" name="insertDataIntoBulkPayoutExcelFile" time="0.323"/>
  <testcase classname="com.TransBnk.TestClass_Payouts.TestClass_PayoutMakerCheckerMultiEntityDiffUser_For_RBL_Bank" name="Verify_Upload_ValidBulkPayoutFile" time="0.585"/>
  <testcase classname="com.TransBnk.TestClass_Payouts.TestClass_PayoutMakerCheckerMultiEntityDiffUser_For_RBL_Bank" name="Verify_EnterDescriptionInField" time="0.748"/>
  <testcase classname="com.TransBnk.TestClass_Payouts.TestClass_PayoutMakerCheckerMultiEntityDiffUser_For_RBL_Bank" name="Verify_ClickOnConfirmButton" time="0.700"/>
  <testcase classname="com.TransBnk.TestClass_Payouts.TestClass_PayoutMakerCheckerMultiEntityDiffUser_For_RBL_Bank" name="Verify_StatusForUploadedPayouts" time="3.519"/>
  <testcase classname="com.TransBnk.TestClass_Payouts.TestClass_PayoutMakerCheckerMultiEntityDiffUser_For_RBL_Bank" name="Verify_ValidRecords" time="4.812">
    <failure message="Bulk Payout&#039;s status is not as expected. Expected: &#039;[[ChromeDriver: chrome on WINDOWS (1eff59bc557bd9ab8530e9030e1fce15)] -&gt; xpath: (//button[contains(.,&#039; &#039;)])[1]]&#039;, but found: &#039;Pending Approval&#039; expected [true] but found [false]" type="java.lang.AssertionError">
      <![CDATA[java.lang.AssertionError: Bulk Payout's status is not as expected. Expected: '[[ChromeDriver: chrome on WINDOWS (1eff59bc557bd9ab8530e9030e1fce15)] -> xpath: (//button[contains(.,' ')])[1]]', but found: 'Pending Approval' expected [true] but found [false]
at org.testng.Assert.fail(Assert.java:111)
at org.testng.Assert.failNotEquals(Assert.java:1578)
at org.testng.Assert.assertTrue(Assert.java:57)
at com.TransBnk.Payouts.PayoutMakerCheckerMultiEntityDiffUser_For_RBL_Bank.ValidRecords(PayoutMakerCheckerMultiEntityDiffUser_For_RBL_Bank.java:450)
at com.TransBnk.TestClass_Payouts.TestClass_PayoutMakerCheckerMultiEntityDiffUser_For_RBL_Bank.Verify_ValidRecords(TestClass_PayoutMakerCheckerMultiEntityDiffUser_For_RBL_Bank.java:99)
at java.base/jdk.internal.reflect.DirectMethodHandleAccessor.invoke(DirectMethodHandleAccessor.java:103)
at java.base/java.lang.reflect.Method.invoke(Method.java:580)
at org.testng.internal.invokers.MethodInvocationHelper.invokeMethod(MethodInvocationHelper.java:139)
at org.testng.internal.invokers.TestInvoker.invokeMethod(TestInvoker.java:664)
at org.testng.internal.invokers.TestInvoker.invokeTestMethod(TestInvoker.java:227)
at org.testng.internal.invokers.MethodRunner.runInSequence(MethodRunner.java:50)
at org.testng.internal.invokers.TestInvoker$MethodInvocationAgent.invoke(TestInvoker.java:957)
at org.testng.internal.invokers.TestInvoker.invokeTestMethods(TestInvoker.java:200)
at org.testng.internal.invokers.TestMethodWorker.invokeTestMethods(TestMethodWorker.java:148)
at org.testng.internal.invokers.TestMethodWorker.run(TestMethodWorker.java:128)
at java.base/java.util.ArrayList.forEach(ArrayList.java:1596)
at org.testng.TestRunner.privateRun(TestRunner.java:848)
at org.testng.TestRunner.run(TestRunner.java:621)
at org.testng.SuiteRunner.runTest(SuiteRunner.java:443)
at org.testng.SuiteRunner.runSequentially(SuiteRunner.java:437)
at org.testng.SuiteRunner.privateRun(SuiteRunner.java:397)
at org.testng.SuiteRunner.run(SuiteRunner.java:336)
at org.testng.SuiteRunnerWorker.runSuite(SuiteRunnerWorker.java:52)
at org.testng.SuiteRunnerWorker.run(SuiteRunnerWorker.java:95)
at org.testng.TestNG.runSuitesSequentially(TestNG.java:1280)
at org.testng.TestNG.runSuitesLocally(TestNG.java:1200)
at org.testng.TestNG.runSuites(TestNG.java:1114)
at org.testng.TestNG.run(TestNG.java:1082)
at org.testng.remote.AbstractRemoteTestNG.run(AbstractRemoteTestNG.java:115)
at org.testng.remote.RemoteTestNG.initAndRun(RemoteTestNG.java:251)
at org.testng.remote.RemoteTestNG.main(RemoteTestNG.java:77)
]]>
    </failure>
  </testcase> <!-- Verify_ValidRecords -->
  <testcase classname="com.TransBnk.TestClass_Payouts.TestClass_PayoutMakerCheckerMultiEntityDiffUser_For_RBL_Bank" name="Verify_ClickOn_PayoutsOption_1" time="1.072"/>
  <testcase classname="com.TransBnk.TestClass_Payouts.TestClass_PayoutMakerCheckerMultiEntityDiffUser_For_RBL_Bank" name="Verify_ClickOn_Payout_List" time="0.959"/>
  <testcase classname="com.TransBnk.TestClass_Payouts.TestClass_PayoutMakerCheckerMultiEntityDiffUser_For_RBL_Bank" name="Verify_FieldsOnPayoutListPage" time="2.316"/>
  <testcase classname="com.TransBnk.TestClass_Payouts.TestClass_PayoutMakerCheckerMultiEntityDiffUser_For_RBL_Bank" name="verify_Logout" time="4.705"/>
  <testcase classname="com.TransBnk.TestClass_Payouts.TestClass_PayoutMakerCheckerMultiEntityDiffUser_For_RBL_Bank" name="Verify_LoginToPayoutChecker_1st_User" time="1.791"/>
  <testcase classname="com.TransBnk.TestClass_Payouts.TestClass_PayoutMakerCheckerMultiEntityDiffUser_For_RBL_Bank" name="Verify_Select_1stCheckerUserEntity" time="6.608"/>
  <testcase classname="com.TransBnk.TestClass_Payouts.TestClass_PayoutMakerCheckerMultiEntityDiffUser_For_RBL_Bank" name="Verify_Select_1stCheckerUseProgram" time="66.556"/>
  <testcase classname="com.TransBnk.TestClass_Payouts.TestClass_PayoutMakerCheckerMultiEntityDiffUser_For_RBL_Bank" name="Verify_ClickOn_PayoutsOption_forApprovePayout" time="1.150"/>
  <testcase classname="com.TransBnk.TestClass_Payouts.TestClass_PayoutMakerCheckerMultiEntityDiffUser_For_RBL_Bank" name="Verify_ClickOn_PayoutApprovalList_forApprovePayout" time="2.090"/>
  <testcase classname="com.TransBnk.TestClass_Payouts.TestClass_PayoutMakerCheckerMultiEntityDiffUser_For_RBL_Bank" name="verify_payoutIsVisibleInPayoutApprovalList_MultiEntity_And_ApprovePayoutFrom_1st_CheckerUser" time="4.383"/>
  <testcase classname="com.TransBnk.TestClass_Payouts.TestClass_PayoutMakerCheckerMultiEntityDiffUser_For_RBL_Bank" name="verify_clickOnAllActions_CheckerUser03" time="2.080"/>
  <testcase classname="com.TransBnk.TestClass_Payouts.TestClass_PayoutMakerCheckerMultiEntityDiffUser_For_RBL_Bank" name="verify_ApprovalStatusInAllActionsFor_CheckerUser01" time="22.221">
    <failure message="Status is not displayed as expected for User: rukhsar.mujawar+mail@techstalwarts.com" type="java.lang.AssertionError">
      <![CDATA[java.lang.AssertionError: Status is not displayed as expected for User: rukhsar.mujawar+mail@techstalwarts.com
at org.testng.Assert.fail(Assert.java:111)
at com.TransBnk.Payouts.PayoutMakerCheckerMultiEntityDiffUser_For_RBL_Bank.verify_ApprovalStatusInAllActionsFor_CheckerUser01(PayoutMakerCheckerMultiEntityDiffUser_For_RBL_Bank.java:943)
at com.TransBnk.TestClass_Payouts.TestClass_PayoutMakerCheckerMultiEntityDiffUser_For_RBL_Bank.verify_ApprovalStatusInAllActionsFor_CheckerUser01(TestClass_PayoutMakerCheckerMultiEntityDiffUser_For_RBL_Bank.java:177)
at java.base/jdk.internal.reflect.DirectMethodHandleAccessor.invoke(DirectMethodHandleAccessor.java:103)
at java.base/java.lang.reflect.Method.invoke(Method.java:580)
at org.testng.internal.invokers.MethodInvocationHelper.invokeMethod(MethodInvocationHelper.java:139)
at org.testng.internal.invokers.TestInvoker.invokeMethod(TestInvoker.java:664)
at org.testng.internal.invokers.TestInvoker.invokeTestMethod(TestInvoker.java:227)
at org.testng.internal.invokers.MethodRunner.runInSequence(MethodRunner.java:50)
at org.testng.internal.invokers.TestInvoker$MethodInvocationAgent.invoke(TestInvoker.java:957)
at org.testng.internal.invokers.TestInvoker.invokeTestMethods(TestInvoker.java:200)
at org.testng.internal.invokers.TestMethodWorker.invokeTestMethods(TestMethodWorker.java:148)
at org.testng.internal.invokers.TestMethodWorker.run(TestMethodWorker.java:128)
at java.base/java.util.ArrayList.forEach(ArrayList.java:1596)
at org.testng.TestRunner.privateRun(TestRunner.java:848)
at org.testng.TestRunner.run(TestRunner.java:621)
at org.testng.SuiteRunner.runTest(SuiteRunner.java:443)
at org.testng.SuiteRunner.runSequentially(SuiteRunner.java:437)
at org.testng.SuiteRunner.privateRun(SuiteRunner.java:397)
at org.testng.SuiteRunner.run(SuiteRunner.java:336)
at org.testng.SuiteRunnerWorker.runSuite(SuiteRunnerWorker.java:52)
at org.testng.SuiteRunnerWorker.run(SuiteRunnerWorker.java:95)
at org.testng.TestNG.runSuitesSequentially(TestNG.java:1280)
at org.testng.TestNG.runSuitesLocally(TestNG.java:1200)
at org.testng.TestNG.runSuites(TestNG.java:1114)
at org.testng.TestNG.run(TestNG.java:1082)
at org.testng.remote.AbstractRemoteTestNG.run(AbstractRemoteTestNG.java:115)
at org.testng.remote.RemoteTestNG.initAndRun(RemoteTestNG.java:251)
at org.testng.remote.RemoteTestNG.main(RemoteTestNG.java:77)
]]>
    </failure>
  </testcase> <!-- verify_ApprovalStatusInAllActionsFor_CheckerUser01 -->
  <testcase classname="com.TransBnk.TestClass_Payouts.TestClass_PayoutMakerCheckerMultiEntityDiffUser_For_RBL_Bank" name="verify_Logoutuser01" time="4.719"/>
</testsuite> <!-- com.TransBnk.TestClass_Payouts.TestClass_PayoutMakerCheckerMultiEntityDiffUser_For_RBL_Bank -->
