<?xml version="1.0" encoding="UTF-8"?>
<!-- Generated by org.testng.reporters.JUnitReportReporter -->
<testsuite hostname="LT-SAKSHI" failures="0" tests="31" name="com.TransBnk.TestClass_Deals_WithTemplate.TestClass_AutoSign_ForMakerCheker_SameEntity_DealWithTemplate" time="15.575" errors="2" timestamp="2024-06-14T10:01:21 IST" skipped="26">
  <testcase classname="com.TransBnk.TestClass_Deals_WithTemplate.TestClass_AutoSign_ForMakerCheker_SameEntity_DealWithTemplate" name="captureScreenshot" time="0.005">
    <error message="invalid session id
Build info: version: &#039;4.6.0&#039;, revision: &#039;79f1c02ae20&#039;
System info: os.name: &#039;Windows 10&#039;, os.arch: &#039;amd64&#039;, os.version: &#039;10.0&#039;, java.version: &#039;21.0.1&#039;
Driver info: org.openqa.selenium.chrome.ChromeDriver
Command: [df91946ffc95a75b1792fa783079d431, screenshot {}]
Capabilities {acceptInsecureCerts: false, browserName: chrome-headless-shell, browserVersion: 125.0.6422.142, chrome: {chromedriverVersion: 125.0.6422.141 (4b1e8393712..., userDataDir: C:\Users\lenovo\AppData\Loc...}, fedcm:accounts: true, goog:chromeOptions: {debuggerAddress: localhost:51207}, networkConnectionEnabled: false, pageLoadStrategy: normal, platformName: WINDOWS, proxy: Proxy(), se:cdp: ws://localhost:51207/devtoo..., se:cdpVersion: 125.0.6422.142, setWindowRect: true, strictFileInteractability: false, timeouts: {implicit: 0, pageLoad: 300000, script: 30000}, unhandledPromptBehavior: dismiss and notify, webauthn:extension:credBlob: true, webauthn:extension:largeBlob: true, webauthn:extension:minPinLength: true, webauthn:extension:prf: true, webauthn:virtualAuthenticators: true}
Session ID: df91946ffc95a75b1792fa783079d431" type="org.openqa.selenium.NoSuchSessionException">
      <![CDATA[org.openqa.selenium.NoSuchSessionException: invalid session id
Build info: version: '4.6.0', revision: '79f1c02ae20'
System info: os.name: 'Windows 10', os.arch: 'amd64', os.version: '10.0', java.version: '21.0.1'
Driver info: org.openqa.selenium.chrome.ChromeDriver
Command: [df91946ffc95a75b1792fa783079d431, screenshot {}]
Capabilities {acceptInsecureCerts: false, browserName: chrome-headless-shell, browserVersion: 125.0.6422.142, chrome: {chromedriverVersion: 125.0.6422.141 (4b1e8393712..., userDataDir: C:\Users\lenovo\AppData\Loc...}, fedcm:accounts: true, goog:chromeOptions: {debuggerAddress: localhost:51207}, networkConnectionEnabled: false, pageLoadStrategy: normal, platformName: WINDOWS, proxy: Proxy(), se:cdp: ws://localhost:51207/devtoo..., se:cdpVersion: 125.0.6422.142, setWindowRect: true, strictFileInteractability: false, timeouts: {implicit: 0, pageLoad: 300000, script: 30000}, unhandledPromptBehavior: dismiss and notify, webauthn:extension:credBlob: true, webauthn:extension:largeBlob: true, webauthn:extension:minPinLength: true, webauthn:extension:prf: true, webauthn:virtualAuthenticators: true}
Session ID: df91946ffc95a75b1792fa783079d431
at java.base/jdk.internal.reflect.DirectConstructorHandleAccessor.newInstance(DirectConstructorHandleAccessor.java:62)
at java.base/java.lang.reflect.Constructor.newInstanceWithCaller(Constructor.java:502)
at java.base/java.lang.reflect.Constructor.newInstance(Constructor.java:486)
at org.openqa.selenium.remote.codec.w3c.W3CHttpResponseCodec.createException(W3CHttpResponseCodec.java:200)
at org.openqa.selenium.remote.codec.w3c.W3CHttpResponseCodec.decode(W3CHttpResponseCodec.java:133)
at org.openqa.selenium.remote.codec.w3c.W3CHttpResponseCodec.decode(W3CHttpResponseCodec.java:53)
at org.openqa.selenium.remote.HttpCommandExecutor.execute(HttpCommandExecutor.java:184)
at org.openqa.selenium.remote.service.DriverCommandExecutor.invokeExecute(DriverCommandExecutor.java:167)
at org.openqa.selenium.remote.service.DriverCommandExecutor.execute(DriverCommandExecutor.java:142)
at org.openqa.selenium.remote.RemoteWebDriver.execute(RemoteWebDriver.java:541)
at org.openqa.selenium.remote.RemoteWebDriver.execute(RemoteWebDriver.java:596)
at org.openqa.selenium.remote.RemoteWebDriver.execute(RemoteWebDriver.java:600)
at org.openqa.selenium.remote.RemoteWebDriver.getScreenshotAs(RemoteWebDriver.java:331)
at com.TransBnk.Library.UtilityClass.captureScreenshot(UtilityClass.java:137)
at com.TransBnk.testutility.BaseTest.captureScreenshot(BaseTest.java:107)
at java.base/jdk.internal.reflect.DirectMethodHandleAccessor.invoke(DirectMethodHandleAccessor.java:103)
at java.base/java.lang.reflect.Method.invoke(Method.java:580)
at org.testng.internal.invokers.MethodInvocationHelper.invokeMethod(MethodInvocationHelper.java:139)
at org.testng.internal.invokers.MethodInvocationHelper.invokeMethodConsideringTimeout(MethodInvocationHelper.java:69)
at org.testng.internal.invokers.ConfigInvoker.invokeConfigurationMethod(ConfigInvoker.java:390)
at org.testng.internal.invokers.ConfigInvoker.invokeConfigurations(ConfigInvoker.java:325)
at org.testng.internal.invokers.TestInvoker.runConfigMethods(TestInvoker.java:810)
at org.testng.internal.invokers.TestInvoker.runAfterConfigurations(TestInvoker.java:779)
at org.testng.internal.invokers.TestInvoker.invokeMethod(TestInvoker.java:755)
at org.testng.internal.invokers.TestInvoker.invokeTestMethod(TestInvoker.java:227)
at org.testng.internal.invokers.MethodRunner.runInSequence(MethodRunner.java:50)
at org.testng.internal.invokers.TestInvoker$MethodInvocationAgent.invoke(TestInvoker.java:957)
at org.testng.internal.invokers.TestInvoker.invokeTestMethods(TestInvoker.java:200)
at org.testng.internal.invokers.TestMethodWorker.invokeTestMethods(TestMethodWorker.java:148)
at org.testng.internal.invokers.TestMethodWorker.run(TestMethodWorker.java:128)
at java.base/java.util.ArrayList.forEach(ArrayList.java:1596)
at org.testng.TestRunner.privateRun(TestRunner.java:848)
at org.testng.TestRunner.run(TestRunner.java:621)
at org.testng.SuiteRunner.runTest(SuiteRunner.java:443)
at org.testng.SuiteRunner.runSequentially(SuiteRunner.java:437)
at org.testng.SuiteRunner.privateRun(SuiteRunner.java:397)
at org.testng.SuiteRunner.run(SuiteRunner.java:336)
at org.testng.SuiteRunnerWorker.runSuite(SuiteRunnerWorker.java:52)
at org.testng.SuiteRunnerWorker.run(SuiteRunnerWorker.java:95)
at org.testng.TestNG.runSuitesSequentially(TestNG.java:1280)
at org.testng.TestNG.runSuitesLocally(TestNG.java:1200)
at org.testng.TestNG.runSuites(TestNG.java:1114)
at org.testng.TestNG.run(TestNG.java:1082)
at org.testng.remote.AbstractRemoteTestNG.run(AbstractRemoteTestNG.java:115)
at org.testng.remote.RemoteTestNG.initAndRun(RemoteTestNG.java:251)
at org.testng.remote.RemoteTestNG.main(RemoteTestNG.java:77)
]]>
    </error>
  </testcase> <!-- captureScreenshot -->
  <testcase classname="com.TransBnk.TestClass_Deals_WithTemplate.TestClass_AutoSign_ForMakerCheker_SameEntity_DealWithTemplate" name="Verify_Select_Entity" time="4.005"/>
  <testcase classname="com.TransBnk.TestClass_Deals_WithTemplate.TestClass_AutoSign_ForMakerCheker_SameEntity_DealWithTemplate" name="Verify_Select_Product" time="6.023"/>
  <testcase classname="com.TransBnk.TestClass_Deals_WithTemplate.TestClass_AutoSign_ForMakerCheker_SameEntity_DealWithTemplate" name="Verify_ClickOnDocuflow" time="2.006"/>
  <testcase classname="com.TransBnk.TestClass_Deals_WithTemplate.TestClass_AutoSign_ForMakerCheker_SameEntity_DealWithTemplate" name="Verify_ClickOnDeals" time="3.530">
    <error message="invalid session id
Build info: version: &#039;4.6.0&#039;, revision: &#039;79f1c02ae20&#039;
System info: os.name: &#039;Windows 10&#039;, os.arch: &#039;amd64&#039;, os.version: &#039;10.0&#039;, java.version: &#039;21.0.1&#039;
Driver info: org.openqa.selenium.chrome.ChromeDriver
Command: [df91946ffc95a75b1792fa783079d431, findElement {using=xpath, value=//app-button[@text=&quot;Create Deal&quot;]}]
Capabilities {acceptInsecureCerts: false, browserName: chrome-headless-shell, browserVersion: 125.0.6422.142, chrome: {chromedriverVersion: 125.0.6422.141 (4b1e8393712..., userDataDir: C:\Users\lenovo\AppData\Loc...}, fedcm:accounts: true, goog:chromeOptions: {debuggerAddress: localhost:51207}, networkConnectionEnabled: false, pageLoadStrategy: normal, platformName: WINDOWS, proxy: Proxy(), se:cdp: ws://localhost:51207/devtoo..., se:cdpVersion: 125.0.6422.142, setWindowRect: true, strictFileInteractability: false, timeouts: {implicit: 0, pageLoad: 300000, script: 30000}, unhandledPromptBehavior: dismiss and notify, webauthn:extension:credBlob: true, webauthn:extension:largeBlob: true, webauthn:extension:minPinLength: true, webauthn:extension:prf: true, webauthn:virtualAuthenticators: true}
Session ID: df91946ffc95a75b1792fa783079d431" type="org.openqa.selenium.NoSuchSessionException">
      <![CDATA[org.openqa.selenium.NoSuchSessionException: invalid session id
Build info: version: '4.6.0', revision: '79f1c02ae20'
System info: os.name: 'Windows 10', os.arch: 'amd64', os.version: '10.0', java.version: '21.0.1'
Driver info: org.openqa.selenium.chrome.ChromeDriver
Command: [df91946ffc95a75b1792fa783079d431, findElement {using=xpath, value=//app-button[@text="Create Deal"]}]
Capabilities {acceptInsecureCerts: false, browserName: chrome-headless-shell, browserVersion: 125.0.6422.142, chrome: {chromedriverVersion: 125.0.6422.141 (4b1e8393712..., userDataDir: C:\Users\lenovo\AppData\Loc...}, fedcm:accounts: true, goog:chromeOptions: {debuggerAddress: localhost:51207}, networkConnectionEnabled: false, pageLoadStrategy: normal, platformName: WINDOWS, proxy: Proxy(), se:cdp: ws://localhost:51207/devtoo..., se:cdpVersion: 125.0.6422.142, setWindowRect: true, strictFileInteractability: false, timeouts: {implicit: 0, pageLoad: 300000, script: 30000}, unhandledPromptBehavior: dismiss and notify, webauthn:extension:credBlob: true, webauthn:extension:largeBlob: true, webauthn:extension:minPinLength: true, webauthn:extension:prf: true, webauthn:virtualAuthenticators: true}
Session ID: df91946ffc95a75b1792fa783079d431
at java.base/jdk.internal.reflect.DirectConstructorHandleAccessor.newInstance(DirectConstructorHandleAccessor.java:62)
at java.base/java.lang.reflect.Constructor.newInstanceWithCaller(Constructor.java:502)
at java.base/java.lang.reflect.Constructor.newInstance(Constructor.java:486)
at org.openqa.selenium.remote.codec.w3c.W3CHttpResponseCodec.createException(W3CHttpResponseCodec.java:200)
at org.openqa.selenium.remote.codec.w3c.W3CHttpResponseCodec.decode(W3CHttpResponseCodec.java:133)
at org.openqa.selenium.remote.codec.w3c.W3CHttpResponseCodec.decode(W3CHttpResponseCodec.java:53)
at org.openqa.selenium.remote.HttpCommandExecutor.execute(HttpCommandExecutor.java:184)
at org.openqa.selenium.remote.service.DriverCommandExecutor.invokeExecute(DriverCommandExecutor.java:167)
at org.openqa.selenium.remote.service.DriverCommandExecutor.execute(DriverCommandExecutor.java:142)
at org.openqa.selenium.remote.RemoteWebDriver.execute(RemoteWebDriver.java:541)
at org.openqa.selenium.remote.ElementLocation$ElementFinder$2.findElement(ElementLocation.java:162)
at org.openqa.selenium.remote.ElementLocation.findElement(ElementLocation.java:60)
at org.openqa.selenium.remote.RemoteWebDriver.findElement(RemoteWebDriver.java:365)
at org.openqa.selenium.remote.RemoteWebDriver.findElement(RemoteWebDriver.java:357)
at org.openqa.selenium.support.pagefactory.DefaultElementLocator.findElement(DefaultElementLocator.java:70)
at org.openqa.selenium.support.pagefactory.internal.LocatingElementHandler.invoke(LocatingElementHandler.java:39)
at jdk.proxy2/jdk.proxy2.$Proxy25.click(Unknown Source)
at com.TransBnk.Deal.Deal_With_Template.ClickOn_CreateDeal_Button(Deal_With_Template.java:343)
at com.TransBnk.TestClass_Deals_WithTemplate.TestClass_AutoSign_ForMakerCheker_SameEntity_DealWithTemplate.Verify_ClickOnDeals(TestClass_AutoSign_ForMakerCheker_SameEntity_DealWithTemplate.java:43)
at java.base/jdk.internal.reflect.DirectMethodHandleAccessor.invoke(DirectMethodHandleAccessor.java:103)
at java.base/java.lang.reflect.Method.invoke(Method.java:580)
at org.testng.internal.invokers.MethodInvocationHelper.invokeMethod(MethodInvocationHelper.java:139)
at org.testng.internal.invokers.TestInvoker.invokeMethod(TestInvoker.java:664)
at org.testng.internal.invokers.TestInvoker.invokeTestMethod(TestInvoker.java:227)
at org.testng.internal.invokers.MethodRunner.runInSequence(MethodRunner.java:50)
at org.testng.internal.invokers.TestInvoker$MethodInvocationAgent.invoke(TestInvoker.java:957)
at org.testng.internal.invokers.TestInvoker.invokeTestMethods(TestInvoker.java:200)
at org.testng.internal.invokers.TestMethodWorker.invokeTestMethods(TestMethodWorker.java:148)
at org.testng.internal.invokers.TestMethodWorker.run(TestMethodWorker.java:128)
at java.base/java.util.ArrayList.forEach(ArrayList.java:1596)
at org.testng.TestRunner.privateRun(TestRunner.java:848)
at org.testng.TestRunner.run(TestRunner.java:621)
at org.testng.SuiteRunner.runTest(SuiteRunner.java:443)
at org.testng.SuiteRunner.runSequentially(SuiteRunner.java:437)
at org.testng.SuiteRunner.privateRun(SuiteRunner.java:397)
at org.testng.SuiteRunner.run(SuiteRunner.java:336)
at org.testng.SuiteRunnerWorker.runSuite(SuiteRunnerWorker.java:52)
at org.testng.SuiteRunnerWorker.run(SuiteRunnerWorker.java:95)
at org.testng.TestNG.runSuitesSequentially(TestNG.java:1280)
at org.testng.TestNG.runSuitesLocally(TestNG.java:1200)
at org.testng.TestNG.runSuites(TestNG.java:1114)
at org.testng.TestNG.run(TestNG.java:1082)
at org.testng.remote.AbstractRemoteTestNG.run(AbstractRemoteTestNG.java:115)
at org.testng.remote.RemoteTestNG.initAndRun(RemoteTestNG.java:251)
at org.testng.remote.RemoteTestNG.main(RemoteTestNG.java:77)
]]>
    </error>
  </testcase> <!-- Verify_ClickOnDeals -->
  <testcase classname="com.TransBnk.TestClass_Deals_WithTemplate.TestClass_AutoSign_ForMakerCheker_SameEntity_DealWithTemplate" name="Verify_Deal_creation_page" time="0.000">
    <skipped/>
  </testcase> <!-- Verify_Deal_creation_page -->
  <testcase classname="com.TransBnk.TestClass_Deals_WithTemplate.TestClass_AutoSign_ForMakerCheker_SameEntity_DealWithTemplate" name="Verify_searchCreatedTemplate_AndClickOnCreateButton" time="0.000">
    <skipped/>
  </testcase> <!-- Verify_searchCreatedTemplate_AndClickOnCreateButton -->
  <testcase classname="com.TransBnk.TestClass_Deals_WithTemplate.TestClass_AutoSign_ForMakerCheker_SameEntity_DealWithTemplate" name="Verify_EnterNumberOf_Parties" time="0.000">
    <skipped/>
  </testcase> <!-- Verify_EnterNumberOf_Parties -->
  <testcase classname="com.TransBnk.TestClass_Deals_WithTemplate.TestClass_AutoSign_ForMakerCheker_SameEntity_DealWithTemplate" name="Verify_autoSign_forParty1" time="0.004">
    <skipped/>
  </testcase> <!-- Verify_autoSign_forParty1 -->
  <testcase classname="com.TransBnk.TestClass_Deals_WithTemplate.TestClass_AutoSign_ForMakerCheker_SameEntity_DealWithTemplate" name="Verify_CustomeSignatoriesFor_autoSignatoriesParty" time="0.001">
    <skipped/>
  </testcase> <!-- Verify_CustomeSignatoriesFor_autoSignatoriesParty -->
  <testcase classname="com.TransBnk.TestClass_Deals_WithTemplate.TestClass_AutoSign_ForMakerCheker_SameEntity_DealWithTemplate" name="ClickOnDropDown_Party2" time="0.000">
    <skipped/>
  </testcase> <!-- ClickOnDropDown_Party2 -->
  <testcase classname="com.TransBnk.TestClass_Deals_WithTemplate.TestClass_AutoSign_ForMakerCheker_SameEntity_DealWithTemplate" name="AddCustomSignatories_Party2" time="0.000">
    <skipped/>
  </testcase> <!-- AddCustomSignatories_Party2 -->
  <testcase classname="com.TransBnk.TestClass_Deals_WithTemplate.TestClass_AutoSign_ForMakerCheker_SameEntity_DealWithTemplate" name="Verify_EmptyFieldValidation_CustomeSignatories" time="0.000">
    <skipped/>
  </testcase> <!-- Verify_EmptyFieldValidation_CustomeSignatories -->
  <testcase classname="com.TransBnk.TestClass_Deals_WithTemplate.TestClass_AutoSign_ForMakerCheker_SameEntity_DealWithTemplate" name="VerifyInvalidInputs_fieldValidation_CustomeSignatories" time="0.001">
    <skipped/>
  </testcase> <!-- VerifyInvalidInputs_fieldValidation_CustomeSignatories -->
  <testcase classname="com.TransBnk.TestClass_Deals_WithTemplate.TestClass_AutoSign_ForMakerCheker_SameEntity_DealWithTemplate" name="ClickOnAddCustomSignatories_Party2" time="0.000">
    <skipped/>
  </testcase> <!-- ClickOnAddCustomSignatories_Party2 -->
  <testcase classname="com.TransBnk.TestClass_Deals_WithTemplate.TestClass_AutoSign_ForMakerCheker_SameEntity_DealWithTemplate" name="EnterValidDetails_CustomSignatories_Party2" time="0.000">
    <skipped/>
  </testcase> <!-- EnterValidDetails_CustomSignatories_Party2 -->
  <testcase classname="com.TransBnk.TestClass_Deals_WithTemplate.TestClass_AutoSign_ForMakerCheker_SameEntity_DealWithTemplate" name="Verify_AddCustomSignatories_party3" time="0.000">
    <skipped/>
  </testcase> <!-- Verify_AddCustomSignatories_party3 -->
  <testcase classname="com.TransBnk.TestClass_Deals_WithTemplate.TestClass_AutoSign_ForMakerCheker_SameEntity_DealWithTemplate" name="Verify_performActionsBasedOnDealRefID" time="0.000">
    <skipped/>
  </testcase> <!-- Verify_performActionsBasedOnDealRefID -->
  <testcase classname="com.TransBnk.TestClass_Deals_WithTemplate.TestClass_AutoSign_ForMakerCheker_SameEntity_DealWithTemplate" name="Verify_ClickOnSubmitForVerificationButton" time="0.000">
    <skipped/>
  </testcase> <!-- Verify_ClickOnSubmitForVerificationButton -->
  <testcase classname="com.TransBnk.TestClass_Deals_WithTemplate.TestClass_AutoSign_ForMakerCheker_SameEntity_DealWithTemplate" name="ClickOnDocuflowOption" time="0.000">
    <skipped/>
  </testcase> <!-- ClickOnDocuflowOption -->
  <testcase classname="com.TransBnk.TestClass_Deals_WithTemplate.TestClass_AutoSign_ForMakerCheker_SameEntity_DealWithTemplate" name="ClickOn_DealVerificationOption" time="0.000">
    <skipped/>
  </testcase> <!-- ClickOn_DealVerificationOption -->
  <testcase classname="com.TransBnk.TestClass_Deals_WithTemplate.TestClass_AutoSign_ForMakerCheker_SameEntity_DealWithTemplate" name="PerformActionBasedOnDealID_ForDeal_Verification" time="0.000">
    <skipped/>
  </testcase> <!-- PerformActionBasedOnDealID_ForDeal_Verification -->
  <testcase classname="com.TransBnk.TestClass_Deals_WithTemplate.TestClass_AutoSign_ForMakerCheker_SameEntity_DealWithTemplate" name="ClickOnSendForExecutionButton" time="0.000">
    <skipped/>
  </testcase> <!-- ClickOnSendForExecutionButton -->
  <testcase classname="com.TransBnk.TestClass_Deals_WithTemplate.TestClass_AutoSign_ForMakerCheker_SameEntity_DealWithTemplate" name="Verify_ReadMailAnd_ClickOnReviewSignButton_forDealWithoutTemplate" time="0.000">
    <skipped/>
  </testcase> <!-- Verify_ReadMailAnd_ClickOnReviewSignButton_forDealWithoutTemplate -->
  <testcase classname="com.TransBnk.TestClass_Deals_WithTemplate.TestClass_AutoSign_ForMakerCheker_SameEntity_DealWithTemplate" name="Verify_ClickOnVerifyButton" time="0.000">
    <skipped/>
  </testcase> <!-- Verify_ClickOnVerifyButton -->
  <testcase classname="com.TransBnk.TestClass_Deals_WithTemplate.TestClass_AutoSign_ForMakerCheker_SameEntity_DealWithTemplate" name="Verify_ClickOnCheckBox" time="0.000">
    <skipped/>
  </testcase> <!-- Verify_ClickOnCheckBox -->
  <testcase classname="com.TransBnk.TestClass_Deals_WithTemplate.TestClass_AutoSign_ForMakerCheker_SameEntity_DealWithTemplate" name="Verify_ClickOnProceedToSignButton" time="0.000">
    <skipped/>
  </testcase> <!-- Verify_ClickOnProceedToSignButton -->
  <testcase classname="com.TransBnk.TestClass_Deals_WithTemplate.TestClass_AutoSign_ForMakerCheker_SameEntity_DealWithTemplate" name="Verify_ClickOnCheckBoxOnAdharCard" time="0.000">
    <skipped/>
  </testcase> <!-- Verify_ClickOnCheckBoxOnAdharCard -->
  <testcase classname="com.TransBnk.TestClass_Deals_WithTemplate.TestClass_AutoSign_ForMakerCheker_SameEntity_DealWithTemplate" name="Verify_EnterAdharNumber" time="0.000">
    <skipped/>
  </testcase> <!-- Verify_EnterAdharNumber -->
  <testcase classname="com.TransBnk.TestClass_Deals_WithTemplate.TestClass_AutoSign_ForMakerCheker_SameEntity_DealWithTemplate" name="Verify_ClickOnSendOTPbutton" time="0.000">
    <skipped/>
  </testcase> <!-- Verify_ClickOnSendOTPbutton -->
  <testcase classname="com.TransBnk.TestClass_Deals_WithTemplate.TestClass_AutoSign_ForMakerCheker_SameEntity_DealWithTemplate" name="Verify_SwitchToMainTab" time="0.000">
    <skipped/>
  </testcase> <!-- Verify_SwitchToMainTab -->
</testsuite> <!-- com.TransBnk.TestClass_Deals_WithTemplate.TestClass_AutoSign_ForMakerCheker_SameEntity_DealWithTemplate -->
