<?xml version="1.0" encoding="UTF-8"?>
<!-- Generated by org.testng.reporters.JUnitReportReporter -->
<testsuite hostname="LT-SAKSHI" failures="1" tests="7" name="com.TransBnk.TestClass_RiskRadar.TestClass_CheckDownloadCenterForBankBalance" time="45.511" errors="0" timestamp="2024-07-25T17:12:10 IST" skipped="0">
  <testcase classname="com.TransBnk.TestClass_RiskRadar.TestClass_CheckDownloadCenterForBankBalance" name="Verify_Select_Entity" time="5.317"/>
  <testcase classname="com.TransBnk.TestClass_RiskRadar.TestClass_CheckDownloadCenterForBankBalance" name="Verify_Select_Product" time="6.300"/>
  <testcase classname="com.TransBnk.TestClass_RiskRadar.TestClass_CheckDownloadCenterForBankBalance" name="Verify_ClickOnRiskRadarOption" time="1.624"/>
  <testcase classname="com.TransBnk.TestClass_RiskRadar.TestClass_CheckDownloadCenterForBankBalance" name="Verify_ClickOnBankBalance" time="0.416"/>
  <testcase classname="com.TransBnk.TestClass_RiskRadar.TestClass_CheckDownloadCenterForBankBalance" name="validateDownloadCenterService" time="4.364"/>
  <testcase classname="com.TransBnk.TestClass_RiskRadar.TestClass_CheckDownloadCenterForBankBalance" name="validateReportsOption" time="4.396"/>
  <testcase classname="com.TransBnk.TestClass_RiskRadar.TestClass_CheckDownloadCenterForBankBalance" name="Verify_BankBalanceStatusinDownloadCenterForBankBalance" time="23.094">
    <failure message="Error in method : CheckDownloadCenterForBankBalance.checkStatusInDownloadCenterForBankBalanceReport() no such element: Unable to locate element: {&quot;method&quot;:&quot;xpath&quot;,&quot;selector&quot;:&quot;(//tr[td[text()=&#039;Bank Balance &#039;] and td[text()=&#039;Risk Radar&#039;] and td[contains(text(), &#039;25/07/2024&#039;)]]//button[contains(@class, &#039;btn-sm&#039;) and contains(@class, &#039;down-orangeStatus&#039;) and text()=&#039; Queued &#039;])[1]&quot;}
  (Session info: chrome=127.0.6533.73)
For documentation on this error, please visit: https://selenium.dev/exceptions/#no_such_element
Build info: version: &#039;4.6.0&#039;, revision: &#039;79f1c02ae20&#039;
System info: os.name: &#039;Windows 10&#039;, os.arch: &#039;amd64&#039;, os.version: &#039;10.0&#039;, java.version: &#039;21.0.1&#039;
Driver info: org.openqa.selenium.chrome.ChromeDriver
Command: [b5ab7423b99aa370640b5508a5329dad, findElement {using=xpath, value=(//tr[td[text()=&#039;Bank Balance &#039;] and td[text()=&#039;Risk Radar&#039;] and td[contains(text(), &#039;25/07/2024&#039;)]]//button[contains(@class, &#039;btn-sm&#039;) and contains(@class, &#039;down-orangeStatus&#039;) and text()=&#039; Queued &#039;])[1]}]
Capabilities {acceptInsecureCerts: false, browserName: chrome, browserVersion: 127.0.6533.73, chrome: {chromedriverVersion: 127.0.6533.72 (9755e24ca85a..., userDataDir: C:\Users\lenovo\AppData\Loc...}, fedcm:accounts: true, goog:chromeOptions: {debuggerAddress: localhost:65284}, networkConnectionEnabled: false, pageLoadStrategy: normal, platformName: WINDOWS, proxy: Proxy(), se:cdp: ws://localhost:65284/devtoo..., se:cdpVersion: 127.0.6533.73, setWindowRect: true, strictFileInteractability: false, timeouts: {implicit: 0, pageLoad: 300000, script: 30000}, unhandledPromptBehavior: dismiss and notify, webauthn:extension:credBlob: true, webauthn:extension:largeBlob: true, webauthn:extension:minPinLength: true, webauthn:extension:prf: true, webauthn:virtualAuthenticators: true}
Session ID: b5ab7423b99aa370640b5508a5329dad" type="java.lang.AssertionError">
      <![CDATA[java.lang.AssertionError: Error in method : CheckDownloadCenterForBankBalance.checkStatusInDownloadCenterForBankBalanceReport() no such element: Unable to locate element: {"method":"xpath","selector":"(//tr[td[text()='Bank Balance '] and td[text()='Risk Radar'] and td[contains(text(), '25/07/2024')]]//button[contains(@class, 'btn-sm') and contains(@class, 'down-orangeStatus') and text()=' Queued '])[1]"}
  (Session info: chrome=127.0.6533.73)
For documentation on this error, please visit: https://selenium.dev/exceptions/#no_such_element
Build info: version: '4.6.0', revision: '79f1c02ae20'
System info: os.name: 'Windows 10', os.arch: 'amd64', os.version: '10.0', java.version: '21.0.1'
Driver info: org.openqa.selenium.chrome.ChromeDriver
Command: [b5ab7423b99aa370640b5508a5329dad, findElement {using=xpath, value=(//tr[td[text()='Bank Balance '] and td[text()='Risk Radar'] and td[contains(text(), '25/07/2024')]]//button[contains(@class, 'btn-sm') and contains(@class, 'down-orangeStatus') and text()=' Queued '])[1]}]
Capabilities {acceptInsecureCerts: false, browserName: chrome, browserVersion: 127.0.6533.73, chrome: {chromedriverVersion: 127.0.6533.72 (9755e24ca85a..., userDataDir: C:\Users\lenovo\AppData\Loc...}, fedcm:accounts: true, goog:chromeOptions: {debuggerAddress: localhost:65284}, networkConnectionEnabled: false, pageLoadStrategy: normal, platformName: WINDOWS, proxy: Proxy(), se:cdp: ws://localhost:65284/devtoo..., se:cdpVersion: 127.0.6533.73, setWindowRect: true, strictFileInteractability: false, timeouts: {implicit: 0, pageLoad: 300000, script: 30000}, unhandledPromptBehavior: dismiss and notify, webauthn:extension:credBlob: true, webauthn:extension:largeBlob: true, webauthn:extension:minPinLength: true, webauthn:extension:prf: true, webauthn:virtualAuthenticators: true}
Session ID: b5ab7423b99aa370640b5508a5329dad
at org.testng.Assert.fail(Assert.java:111)
at com.TransBnk.RiskRadar.CheckDownloadCenterForBankBalance.checkStatusInDownloadCenterForBankBalanceReport(CheckDownloadCenterForBankBalance.java:163)
at com.TransBnk.TestClass_RiskRadar.TestClass_CheckDownloadCenterForBankBalance.Verify_BankBalanceStatusinDownloadCenterForBankBalance(TestClass_CheckDownloadCenterForBankBalance.java:57)
at java.base/jdk.internal.reflect.DirectMethodHandleAccessor.invoke(DirectMethodHandleAccessor.java:103)
at java.base/java.lang.reflect.Method.invoke(Method.java:580)
at org.testng.internal.invokers.MethodInvocationHelper.invokeMethod(MethodInvocationHelper.java:139)
at org.testng.internal.invokers.TestInvoker.invokeMethod(TestInvoker.java:664)
at org.testng.internal.invokers.TestInvoker.invokeTestMethod(TestInvoker.java:227)
at org.testng.internal.invokers.MethodRunner.runInSequence(MethodRunner.java:50)
at org.testng.internal.invokers.TestInvoker$MethodInvocationAgent.invoke(TestInvoker.java:957)
at org.testng.internal.invokers.TestInvoker.invokeTestMethods(TestInvoker.java:200)
at org.testng.internal.invokers.TestMethodWorker.invokeTestMethods(TestMethodWorker.java:148)
at org.testng.internal.invokers.TestMethodWorker.run(TestMethodWorker.java:128)
at java.base/java.util.ArrayList.forEach(ArrayList.java:1596)
at org.testng.TestRunner.privateRun(TestRunner.java:848)
at org.testng.TestRunner.run(TestRunner.java:621)
at org.testng.SuiteRunner.runTest(SuiteRunner.java:443)
at org.testng.SuiteRunner.runSequentially(SuiteRunner.java:437)
at org.testng.SuiteRunner.privateRun(SuiteRunner.java:397)
at org.testng.SuiteRunner.run(SuiteRunner.java:336)
at org.testng.SuiteRunnerWorker.runSuite(SuiteRunnerWorker.java:52)
at org.testng.SuiteRunnerWorker.run(SuiteRunnerWorker.java:95)
at org.testng.TestNG.runSuitesSequentially(TestNG.java:1280)
at org.testng.TestNG.runSuitesLocally(TestNG.java:1200)
at org.testng.TestNG.runSuites(TestNG.java:1114)
at org.testng.TestNG.run(TestNG.java:1082)
at org.testng.remote.AbstractRemoteTestNG.run(AbstractRemoteTestNG.java:115)
at org.testng.remote.RemoteTestNG.initAndRun(RemoteTestNG.java:251)
at org.testng.remote.RemoteTestNG.main(RemoteTestNG.java:77)
]]>
    </failure>
  </testcase> <!-- Verify_BankBalanceStatusinDownloadCenterForBankBalance -->
</testsuite> <!-- com.TransBnk.TestClass_RiskRadar.TestClass_CheckDownloadCenterForBankBalance -->
