<?xml version="1.0" encoding="UTF-8"?>
<!-- Generated by org.testng.reporters.JUnitReportReporter -->
<testsuite hostname="LT-SAKSHI" failures="1" tests="28" name="com.TransBnk.TestClass_Payouts.TestClass_AxisTrusteePayoutMakerCheckerApprovalType_APIBased_RBL_Bank" time="160.149" errors="1" timestamp="2024-07-29T18:50:33 IST" skipped="0">
  <testcase classname="com.TransBnk.TestClass_Payouts.TestClass_AxisTrusteePayoutMakerCheckerApprovalType_APIBased_RBL_Bank" name="Verify_LoginToPayoutMakerUserBoardResolutionSameEntity" time="1.931"/>
  <testcase classname="com.TransBnk.TestClass_Payouts.TestClass_AxisTrusteePayoutMakerCheckerApprovalType_APIBased_RBL_Bank" name="Verify_Select_Entity" time="7.153"/>
  <testcase classname="com.TransBnk.TestClass_Payouts.TestClass_AxisTrusteePayoutMakerCheckerApprovalType_APIBased_RBL_Bank" name="Verify_Select_Product" time="54.871"/>
  <testcase classname="com.TransBnk.TestClass_Payouts.TestClass_AxisTrusteePayoutMakerCheckerApprovalType_APIBased_RBL_Bank" name="Verify_ClickOn_PayoutService" time="1.345"/>
  <testcase classname="com.TransBnk.TestClass_Payouts.TestClass_AxisTrusteePayoutMakerCheckerApprovalType_APIBased_RBL_Bank" name="Verify_ClickOn_Bulk_PayoutOption" time="2.190"/>
  <testcase classname="com.TransBnk.TestClass_Payouts.TestClass_AxisTrusteePayoutMakerCheckerApprovalType_APIBased_RBL_Bank" name="Verify_ClickOn_Add_Bulk_Payout_Button" time="2.369"/>
  <testcase classname="com.TransBnk.TestClass_Payouts.TestClass_AxisTrusteePayoutMakerCheckerApprovalType_APIBased_RBL_Bank" name="Veirfy_SelectBankName" time="2.091"/>
  <testcase classname="com.TransBnk.TestClass_Payouts.TestClass_AxisTrusteePayoutMakerCheckerApprovalType_APIBased_RBL_Bank" name="Verify_BulkPayoutExcelFile_Headers_DBSBank" time="0.060"/>
  <testcase classname="com.TransBnk.TestClass_Payouts.TestClass_AxisTrusteePayoutMakerCheckerApprovalType_APIBased_RBL_Bank" name="validateBulkPayoutExcelFileHeaders_For_IDFCBankFile" time="0.263"/>
  <testcase classname="com.TransBnk.TestClass_Payouts.TestClass_AxisTrusteePayoutMakerCheckerApprovalType_APIBased_RBL_Bank" name="validateBulkPayoutExcelFileHeaders_For_InduslndBankFile" time="0.100"/>
  <testcase classname="com.TransBnk.TestClass_Payouts.TestClass_AxisTrusteePayoutMakerCheckerApprovalType_APIBased_RBL_Bank" name="validateBulkPayoutExcelFileHeaders_For_RBLBankFile" time="0.082"/>
  <testcase classname="com.TransBnk.TestClass_Payouts.TestClass_AxisTrusteePayoutMakerCheckerApprovalType_APIBased_RBL_Bank" name="validateBulkPayoutExcelFileHeaders_For_AxisBankFile" time="0.093"/>
  <testcase classname="com.TransBnk.TestClass_Payouts.TestClass_AxisTrusteePayoutMakerCheckerApprovalType_APIBased_RBL_Bank" name="validateBulkPayoutExcelFileHeaders_For_YesBankFile_AccountPayout" time="0.078"/>
  <testcase classname="com.TransBnk.TestClass_Payouts.TestClass_AxisTrusteePayoutMakerCheckerApprovalType_APIBased_RBL_Bank" name="validateBulkPayoutExcelFileHeaders_For_YesBankFile_VPA_Payout" time="0.046"/>
  <testcase classname="com.TransBnk.TestClass_Payouts.TestClass_AxisTrusteePayoutMakerCheckerApprovalType_APIBased_RBL_Bank" name="Veirfy_SelectBankName_RBL" time="2.265"/>
  <testcase classname="com.TransBnk.TestClass_Payouts.TestClass_AxisTrusteePayoutMakerCheckerApprovalType_APIBased_RBL_Bank" name="insertDataIntoBulkPayoutExcelFileBoardResolutionSameEntity" time="0.440"/>
  <testcase classname="com.TransBnk.TestClass_Payouts.TestClass_AxisTrusteePayoutMakerCheckerApprovalType_APIBased_RBL_Bank" name="Verify_Upload_ValidBulkPayoutFileBoardResolutionSameEntity" time="0.643"/>
  <testcase classname="com.TransBnk.TestClass_Payouts.TestClass_AxisTrusteePayoutMakerCheckerApprovalType_APIBased_RBL_Bank" name="Verify_EnterDescriptionInField" time="0.804"/>
  <testcase classname="com.TransBnk.TestClass_Payouts.TestClass_AxisTrusteePayoutMakerCheckerApprovalType_APIBased_RBL_Bank" name="Verify_ClickOnConfirmButton" time="0.787"/>
  <testcase classname="com.TransBnk.TestClass_Payouts.TestClass_AxisTrusteePayoutMakerCheckerApprovalType_APIBased_RBL_Bank" name="Verify_StatusForUploadedPayoutsAxisTrustee_APIBased" time="3.628"/>
  <testcase classname="com.TransBnk.TestClass_Payouts.TestClass_AxisTrusteePayoutMakerCheckerApprovalType_APIBased_RBL_Bank" name="Verify_ValidRecords" time="24.637">
    <error message="no such element: Unable to locate element: {&quot;method&quot;:&quot;xpath&quot;,&quot;selector&quot;:&quot;//tr[contains(td/button/text(), &#039;Success&#039;) and contains(.,&#039;29184906&#039;)]/td[contains(text(), &#039;1&#039;) and @style]&quot;}
  (Session info: chrome=127.0.6533.73)
For documentation on this error, please visit: https://selenium.dev/exceptions/#no_such_element
Build info: version: &#039;4.6.0&#039;, revision: &#039;79f1c02ae20&#039;
System info: os.name: &#039;Windows 10&#039;, os.arch: &#039;amd64&#039;, os.version: &#039;10.0&#039;, java.version: &#039;21.0.1&#039;
Driver info: org.openqa.selenium.chrome.ChromeDriver
Command: [b253181464b9c4af636980734d61c946, findElement {using=xpath, value=//tr[contains(td/button/text(), &#039;Success&#039;) and contains(.,&#039;29184906&#039;)]/td[contains(text(), &#039;1&#039;) and @style]}]
Capabilities {acceptInsecureCerts: false, browserName: chrome, browserVersion: 127.0.6533.73, chrome: {chromedriverVersion: 127.0.6533.72 (9755e24ca85a..., userDataDir: C:\Users\lenovo\AppData\Loc...}, fedcm:accounts: true, goog:chromeOptions: {debuggerAddress: localhost:58475}, networkConnectionEnabled: false, pageLoadStrategy: normal, platformName: WINDOWS, proxy: Proxy(), se:cdp: ws://localhost:58475/devtoo..., se:cdpVersion: 127.0.6533.73, setWindowRect: true, strictFileInteractability: false, timeouts: {implicit: 0, pageLoad: 300000, script: 30000}, unhandledPromptBehavior: dismiss and notify, webauthn:extension:credBlob: true, webauthn:extension:largeBlob: true, webauthn:extension:minPinLength: true, webauthn:extension:prf: true, webauthn:virtualAuthenticators: true}
Session ID: b253181464b9c4af636980734d61c946" type="org.openqa.selenium.NoSuchElementException">
      <![CDATA[org.openqa.selenium.NoSuchElementException: no such element: Unable to locate element: {"method":"xpath","selector":"//tr[contains(td/button/text(), 'Success') and contains(.,'29184906')]/td[contains(text(), '1') and @style]"}
  (Session info: chrome=127.0.6533.73)
For documentation on this error, please visit: https://selenium.dev/exceptions/#no_such_element
Build info: version: '4.6.0', revision: '79f1c02ae20'
System info: os.name: 'Windows 10', os.arch: 'amd64', os.version: '10.0', java.version: '21.0.1'
Driver info: org.openqa.selenium.chrome.ChromeDriver
Command: [b253181464b9c4af636980734d61c946, findElement {using=xpath, value=//tr[contains(td/button/text(), 'Success') and contains(.,'29184906')]/td[contains(text(), '1') and @style]}]
Capabilities {acceptInsecureCerts: false, browserName: chrome, browserVersion: 127.0.6533.73, chrome: {chromedriverVersion: 127.0.6533.72 (9755e24ca85a..., userDataDir: C:\Users\lenovo\AppData\Loc...}, fedcm:accounts: true, goog:chromeOptions: {debuggerAddress: localhost:58475}, networkConnectionEnabled: false, pageLoadStrategy: normal, platformName: WINDOWS, proxy: Proxy(), se:cdp: ws://localhost:58475/devtoo..., se:cdpVersion: 127.0.6533.73, setWindowRect: true, strictFileInteractability: false, timeouts: {implicit: 0, pageLoad: 300000, script: 30000}, unhandledPromptBehavior: dismiss and notify, webauthn:extension:credBlob: true, webauthn:extension:largeBlob: true, webauthn:extension:minPinLength: true, webauthn:extension:prf: true, webauthn:virtualAuthenticators: true}
Session ID: b253181464b9c4af636980734d61c946
at java.base/jdk.internal.reflect.DirectConstructorHandleAccessor.newInstance(DirectConstructorHandleAccessor.java:62)
at java.base/java.lang.reflect.Constructor.newInstanceWithCaller(Constructor.java:502)
at java.base/java.lang.reflect.Constructor.newInstance(Constructor.java:486)
at org.openqa.selenium.remote.codec.w3c.W3CHttpResponseCodec.createException(W3CHttpResponseCodec.java:200)
at org.openqa.selenium.remote.codec.w3c.W3CHttpResponseCodec.decode(W3CHttpResponseCodec.java:133)
at org.openqa.selenium.remote.codec.w3c.W3CHttpResponseCodec.decode(W3CHttpResponseCodec.java:53)
at org.openqa.selenium.remote.HttpCommandExecutor.execute(HttpCommandExecutor.java:184)
at org.openqa.selenium.remote.service.DriverCommandExecutor.invokeExecute(DriverCommandExecutor.java:167)
at org.openqa.selenium.remote.service.DriverCommandExecutor.execute(DriverCommandExecutor.java:142)
at org.openqa.selenium.remote.RemoteWebDriver.execute(RemoteWebDriver.java:541)
at org.openqa.selenium.remote.ElementLocation$ElementFinder$2.findElement(ElementLocation.java:162)
at org.openqa.selenium.remote.ElementLocation.findElement(ElementLocation.java:60)
at org.openqa.selenium.remote.RemoteWebDriver.findElement(RemoteWebDriver.java:365)
at org.openqa.selenium.remote.RemoteWebDriver.findElement(RemoteWebDriver.java:357)
at com.TransBnk.Payouts.AxisTrusteePayoutMakerCheckerApprovalType_APIBased_RBL_Bank.ValidRecords(AxisTrusteePayoutMakerCheckerApprovalType_APIBased_RBL_Bank.java:725)
at com.TransBnk.TestClass_Payouts.TestClass_AxisTrusteePayoutMakerCheckerApprovalType_APIBased_RBL_Bank.Verify_ValidRecords(TestClass_AxisTrusteePayoutMakerCheckerApprovalType_APIBased_RBL_Bank.java:169)
at java.base/jdk.internal.reflect.DirectMethodHandleAccessor.invoke(DirectMethodHandleAccessor.java:103)
at java.base/java.lang.reflect.Method.invoke(Method.java:580)
at org.testng.internal.invokers.MethodInvocationHelper.invokeMethod(MethodInvocationHelper.java:139)
at org.testng.internal.invokers.TestInvoker.invokeMethod(TestInvoker.java:664)
at org.testng.internal.invokers.TestInvoker.invokeTestMethod(TestInvoker.java:227)
at org.testng.internal.invokers.MethodRunner.runInSequence(MethodRunner.java:50)
at org.testng.internal.invokers.TestInvoker$MethodInvocationAgent.invoke(TestInvoker.java:957)
at org.testng.internal.invokers.TestInvoker.invokeTestMethods(TestInvoker.java:200)
at org.testng.internal.invokers.TestMethodWorker.invokeTestMethods(TestMethodWorker.java:148)
at org.testng.internal.invokers.TestMethodWorker.run(TestMethodWorker.java:128)
at java.base/java.util.ArrayList.forEach(ArrayList.java:1596)
at org.testng.TestRunner.privateRun(TestRunner.java:848)
at org.testng.TestRunner.run(TestRunner.java:621)
at org.testng.SuiteRunner.runTest(SuiteRunner.java:443)
at org.testng.SuiteRunner.runSequentially(SuiteRunner.java:437)
at org.testng.SuiteRunner.privateRun(SuiteRunner.java:397)
at org.testng.SuiteRunner.run(SuiteRunner.java:336)
at org.testng.SuiteRunnerWorker.runSuite(SuiteRunnerWorker.java:52)
at org.testng.SuiteRunnerWorker.run(SuiteRunnerWorker.java:95)
at org.testng.TestNG.runSuitesSequentially(TestNG.java:1280)
at org.testng.TestNG.runSuitesLocally(TestNG.java:1200)
at org.testng.TestNG.runSuites(TestNG.java:1114)
at org.testng.TestNG.run(TestNG.java:1082)
at org.testng.remote.AbstractRemoteTestNG.run(AbstractRemoteTestNG.java:115)
at org.testng.remote.RemoteTestNG.initAndRun(RemoteTestNG.java:251)
at org.testng.remote.RemoteTestNG.main(RemoteTestNG.java:77)
]]>
    </error>
  </testcase> <!-- Verify_ValidRecords -->
  <testcase classname="com.TransBnk.TestClass_Payouts.TestClass_AxisTrusteePayoutMakerCheckerApprovalType_APIBased_RBL_Bank" name="Verify_ClickOn_PayoutsOption_1" time="1.083"/>
  <testcase classname="com.TransBnk.TestClass_Payouts.TestClass_AxisTrusteePayoutMakerCheckerApprovalType_APIBased_RBL_Bank" name="Verify_ClickOn_Payout_List" time="1.213"/>
  <testcase classname="com.TransBnk.TestClass_Payouts.TestClass_AxisTrusteePayoutMakerCheckerApprovalType_APIBased_RBL_Bank" name="Verify_FieldsOnPayoutListPage" time="22.369"/>
  <testcase classname="com.TransBnk.TestClass_Payouts.TestClass_AxisTrusteePayoutMakerCheckerApprovalType_APIBased_RBL_Bank" name="Verify_ClickOn_PayoutsOption_forApprovePayout" time="1.146"/>
  <testcase classname="com.TransBnk.TestClass_Payouts.TestClass_AxisTrusteePayoutMakerCheckerApprovalType_APIBased_RBL_Bank" name="Verify_ClickOn_PayoutApprovalList_forApprovePayoutBoardResolution" time="0.657"/>
  <testcase classname="com.TransBnk.TestClass_Payouts.TestClass_AxisTrusteePayoutMakerCheckerApprovalType_APIBased_RBL_Bank" name="verify_payoutIsVisibleInPayoutApprovalList_SameEntity_And_ApprovePayoutFromSameCheckerUserBoardResolution" time="23.060">
    <failure message="Payout is Not displaying in payout approval list for board resolution Payout Same Checker User" type="java.lang.AssertionError">
      <![CDATA[java.lang.AssertionError: Payout is Not displaying in payout approval list for board resolution Payout Same Checker User
at org.testng.Assert.fail(Assert.java:111)
at com.TransBnk.Payouts.AxisTrusteePayoutMakerCheckerApprovalType_APIBased_RBL_Bank.approvePayoutFromSameCheckerUser(AxisTrusteePayoutMakerCheckerApprovalType_APIBased_RBL_Bank.java:1207)
at com.TransBnk.TestClass_Payouts.TestClass_AxisTrusteePayoutMakerCheckerApprovalType_APIBased_RBL_Bank.verify_payoutIsVisibleInPayoutApprovalList_SameEntity_And_ApprovePayoutFromSameCheckerUserBoardResolution(TestClass_AxisTrusteePayoutMakerCheckerApprovalType_APIBased_RBL_Bank.java:211)
at java.base/jdk.internal.reflect.DirectMethodHandleAccessor.invoke(DirectMethodHandleAccessor.java:103)
at java.base/java.lang.reflect.Method.invoke(Method.java:580)
at org.testng.internal.invokers.MethodInvocationHelper.invokeMethod(MethodInvocationHelper.java:139)
at org.testng.internal.invokers.TestInvoker.invokeMethod(TestInvoker.java:664)
at org.testng.internal.invokers.TestInvoker.invokeTestMethod(TestInvoker.java:227)
at org.testng.internal.invokers.MethodRunner.runInSequence(MethodRunner.java:50)
at org.testng.internal.invokers.TestInvoker$MethodInvocationAgent.invoke(TestInvoker.java:957)
at org.testng.internal.invokers.TestInvoker.invokeTestMethods(TestInvoker.java:200)
at org.testng.internal.invokers.TestMethodWorker.invokeTestMethods(TestMethodWorker.java:148)
at org.testng.internal.invokers.TestMethodWorker.run(TestMethodWorker.java:128)
at java.base/java.util.ArrayList.forEach(ArrayList.java:1596)
at org.testng.TestRunner.privateRun(TestRunner.java:848)
at org.testng.TestRunner.run(TestRunner.java:621)
at org.testng.SuiteRunner.runTest(SuiteRunner.java:443)
at org.testng.SuiteRunner.runSequentially(SuiteRunner.java:437)
at org.testng.SuiteRunner.privateRun(SuiteRunner.java:397)
at org.testng.SuiteRunner.run(SuiteRunner.java:336)
at org.testng.SuiteRunnerWorker.runSuite(SuiteRunnerWorker.java:52)
at org.testng.SuiteRunnerWorker.run(SuiteRunnerWorker.java:95)
at org.testng.TestNG.runSuitesSequentially(TestNG.java:1280)
at org.testng.TestNG.runSuitesLocally(TestNG.java:1200)
at org.testng.TestNG.runSuites(TestNG.java:1114)
at org.testng.TestNG.run(TestNG.java:1082)
at org.testng.remote.AbstractRemoteTestNG.run(AbstractRemoteTestNG.java:115)
at org.testng.remote.RemoteTestNG.initAndRun(RemoteTestNG.java:251)
at org.testng.remote.RemoteTestNG.main(RemoteTestNG.java:77)
]]>
    </failure>
  </testcase> <!-- verify_payoutIsVisibleInPayoutApprovalList_SameEntity_And_ApprovePayoutFromSameCheckerUserBoardResolution -->
  <testcase classname="com.TransBnk.TestClass_Payouts.TestClass_AxisTrusteePayoutMakerCheckerApprovalType_APIBased_RBL_Bank" name="verify_Logout" time="4.745"/>
</testsuite> <!-- com.TransBnk.TestClass_Payouts.TestClass_AxisTrusteePayoutMakerCheckerApprovalType_APIBased_RBL_Bank -->
