<?xml version="1.0" encoding="UTF-8"?>
<!-- Generated by org.testng.reporters.JUnitReportReporter -->
<testsuite hostname="DESKTOP-6PMNGS4" failures="0" tests="14" name="com.TransBnk.TestClass_Deals.TestClass_Template_Creation" time="47.806" errors="1" timestamp="2024-03-13T17:30:25 IST" skipped="0">
  <testcase classname="com.TransBnk.TestClass_Deals.TestClass_Template_Creation" name="Verify_Select_Entity" time="6.844"/>
  <testcase classname="com.TransBnk.TestClass_Deals.TestClass_Template_Creation" name="Verify_Select_Product" time="4.297"/>
  <testcase classname="com.TransBnk.TestClass_Deals.TestClass_Template_Creation" name="VerifyClickOnDocuflow" time="2.083"/>
  <testcase classname="com.TransBnk.TestClass_Deals.TestClass_Template_Creation" name="VerifyClickOnTemplate" time="2.911"/>
  <testcase classname="com.TransBnk.TestClass_Deals.TestClass_Template_Creation" name="VerifyState" time="2.172"/>
  <testcase classname="com.TransBnk.TestClass_Deals.TestClass_Template_Creation" name="VerifyClickOn_MarkTemplateField" time="0.846"/>
  <testcase classname="com.TransBnk.TestClass_Deals.TestClass_Template_Creation" name="VerifySelectStateName_FromPredefinedList" time="1.211"/>
  <testcase classname="com.TransBnk.TestClass_Deals.TestClass_Template_Creation" name="VerifyClickOnConfirmButton" time="1.215"/>
  <testcase classname="com.TransBnk.TestClass_Deals.TestClass_Template_Creation" name="VerifyAgreementDate" time="2.146"/>
  <testcase classname="com.TransBnk.TestClass_Deals.TestClass_Template_Creation" name="VerifyClickOn_MarkTemplateField_agreementDate" time="0.813"/>
  <testcase classname="com.TransBnk.TestClass_Deals.TestClass_Template_Creation" name="VerifySelectStateName_FromPredefinedList_AgreementDate" time="1.180"/>
  <testcase classname="com.TransBnk.TestClass_Deals.TestClass_Template_Creation" name="VerifyClickOnConfirmButton_agreeementDAte" time="1.163"/>
  <testcase classname="com.TransBnk.TestClass_Deals.TestClass_Template_Creation" name="VerifyAddRepeatingSection" time="20.174">
    <error message="no such element: Unable to locate element: {&quot;method&quot;:&quot;xpath&quot;,&quot;selector&quot;:&quot;//*[@id=&quot;editor1&quot;]/div[2]/div[2]/div/p[3]/strong[5]&quot;}
  (Session info: chrome=122.0.6261.112)
For documentation on this error, please visit: https://selenium.dev/exceptions/#no_such_element
Build info: version: &#039;4.8.3&#039;, revision: &#039;e5e76298c3&#039;
System info: os.name: &#039;Windows 10&#039;, os.arch: &#039;amd64&#039;, os.version: &#039;10.0&#039;, java.version: &#039;21.0.1&#039;
Driver info: org.openqa.selenium.chrome.ChromeDriver
Command: [d5fe0f77b8f1e609c469a2b8b3cc1741, findElement {using=xpath, value=//*[@id=&quot;editor1&quot;]/div[2]/div[2]/div/p[3]/strong[5]}]
Capabilities {acceptInsecureCerts: false, browserName: chrome, browserVersion: 122.0.6261.112, chrome: {chromedriverVersion: 122.0.6261.128 (f18a44fedeb..., userDataDir: C:\Users\lenovo\AppData\Loc...}, fedcm:accounts: true, goog:chromeOptions: {debuggerAddress: localhost:62906}, networkConnectionEnabled: false, pageLoadStrategy: normal, platformName: WINDOWS, proxy: Proxy(), se:cdp: ws://localhost:62906/devtoo..., se:cdpVersion: 122.0.6261.112, setWindowRect: true, strictFileInteractability: false, timeouts: {implicit: 0, pageLoad: 300000, script: 30000}, unhandledPromptBehavior: dismiss and notify, webauthn:extension:credBlob: true, webauthn:extension:largeBlob: true, webauthn:extension:minPinLength: true, webauthn:extension:prf: true, webauthn:virtualAuthenticators: true}
Session ID: d5fe0f77b8f1e609c469a2b8b3cc1741" type="org.openqa.selenium.NoSuchElementException">
      <![CDATA[org.openqa.selenium.NoSuchElementException: no such element: Unable to locate element: {"method":"xpath","selector":"//*[@id="editor1"]/div[2]/div[2]/div/p[3]/strong[5]"}
  (Session info: chrome=122.0.6261.112)
For documentation on this error, please visit: https://selenium.dev/exceptions/#no_such_element
Build info: version: '4.8.3', revision: 'e5e76298c3'
System info: os.name: 'Windows 10', os.arch: 'amd64', os.version: '10.0', java.version: '21.0.1'
Driver info: org.openqa.selenium.chrome.ChromeDriver
Command: [d5fe0f77b8f1e609c469a2b8b3cc1741, findElement {using=xpath, value=//*[@id="editor1"]/div[2]/div[2]/div/p[3]/strong[5]}]
Capabilities {acceptInsecureCerts: false, browserName: chrome, browserVersion: 122.0.6261.112, chrome: {chromedriverVersion: 122.0.6261.128 (f18a44fedeb..., userDataDir: C:\Users\lenovo\AppData\Loc...}, fedcm:accounts: true, goog:chromeOptions: {debuggerAddress: localhost:62906}, networkConnectionEnabled: false, pageLoadStrategy: normal, platformName: WINDOWS, proxy: Proxy(), se:cdp: ws://localhost:62906/devtoo..., se:cdpVersion: 122.0.6261.112, setWindowRect: true, strictFileInteractability: false, timeouts: {implicit: 0, pageLoad: 300000, script: 30000}, unhandledPromptBehavior: dismiss and notify, webauthn:extension:credBlob: true, webauthn:extension:largeBlob: true, webauthn:extension:minPinLength: true, webauthn:extension:prf: true, webauthn:virtualAuthenticators: true}
Session ID: d5fe0f77b8f1e609c469a2b8b3cc1741
at java.base/jdk.internal.reflect.DirectConstructorHandleAccessor.newInstance(DirectConstructorHandleAccessor.java:62)
at java.base/java.lang.reflect.Constructor.newInstanceWithCaller(Constructor.java:502)
at java.base/java.lang.reflect.Constructor.newInstance(Constructor.java:486)
at org.openqa.selenium.remote.codec.w3c.W3CHttpResponseCodec.createException(W3CHttpResponseCodec.java:200)
at org.openqa.selenium.remote.codec.w3c.W3CHttpResponseCodec.decode(W3CHttpResponseCodec.java:133)
at org.openqa.selenium.remote.codec.w3c.W3CHttpResponseCodec.decode(W3CHttpResponseCodec.java:53)
at org.openqa.selenium.remote.HttpCommandExecutor.execute(HttpCommandExecutor.java:193)
at org.openqa.selenium.remote.service.DriverCommandExecutor.invokeExecute(DriverCommandExecutor.java:183)
at org.openqa.selenium.remote.service.DriverCommandExecutor.execute(DriverCommandExecutor.java:158)
at org.openqa.selenium.remote.RemoteWebDriver.execute(RemoteWebDriver.java:543)
at org.openqa.selenium.remote.ElementLocation$ElementFinder$2.findElement(ElementLocation.java:162)
at org.openqa.selenium.remote.ElementLocation.findElement(ElementLocation.java:60)
at org.openqa.selenium.remote.RemoteWebDriver.findElement(RemoteWebDriver.java:352)
at org.openqa.selenium.remote.RemoteWebDriver.findElement(RemoteWebDriver.java:344)
at com.TransBnk.Deal.Template_Creation.AddRepeatingSection(Template_Creation.java:364)
at com.TransBnk.TestClass_Deals.TestClass_Template_Creation.VerifyAddRepeatingSection(TestClass_Template_Creation.java:149)
at java.base/jdk.internal.reflect.DirectMethodHandleAccessor.invoke(DirectMethodHandleAccessor.java:103)
at java.base/java.lang.reflect.Method.invoke(Method.java:580)
at org.testng.internal.invokers.MethodInvocationHelper.invokeMethod(MethodInvocationHelper.java:139)
at org.testng.internal.invokers.TestInvoker.invokeMethod(TestInvoker.java:664)
at org.testng.internal.invokers.TestInvoker.invokeTestMethod(TestInvoker.java:227)
at org.testng.internal.invokers.MethodRunner.runInSequence(MethodRunner.java:50)
at org.testng.internal.invokers.TestInvoker$MethodInvocationAgent.invoke(TestInvoker.java:957)
at org.testng.internal.invokers.TestInvoker.invokeTestMethods(TestInvoker.java:200)
at org.testng.internal.invokers.TestMethodWorker.invokeTestMethods(TestMethodWorker.java:148)
at org.testng.internal.invokers.TestMethodWorker.run(TestMethodWorker.java:128)
at java.base/java.util.ArrayList.forEach(ArrayList.java:1596)
at org.testng.TestRunner.privateRun(TestRunner.java:848)
at org.testng.TestRunner.run(TestRunner.java:621)
at org.testng.SuiteRunner.runTest(SuiteRunner.java:443)
at org.testng.SuiteRunner.runSequentially(SuiteRunner.java:437)
at org.testng.SuiteRunner.privateRun(SuiteRunner.java:397)
at org.testng.SuiteRunner.run(SuiteRunner.java:336)
at org.testng.SuiteRunnerWorker.runSuite(SuiteRunnerWorker.java:52)
at org.testng.SuiteRunnerWorker.run(SuiteRunnerWorker.java:95)
at org.testng.TestNG.runSuitesSequentially(TestNG.java:1280)
at org.testng.TestNG.runSuitesLocally(TestNG.java:1200)
at org.testng.TestNG.runSuites(TestNG.java:1114)
at org.testng.TestNG.run(TestNG.java:1082)
at org.testng.remote.AbstractRemoteTestNG.run(AbstractRemoteTestNG.java:115)
at org.testng.remote.RemoteTestNG.initAndRun(RemoteTestNG.java:251)
at org.testng.remote.RemoteTestNG.main(RemoteTestNG.java:77)
]]>
    </error>
  </testcase> <!-- VerifyAddRepeatingSection -->
  <testcase classname="com.TransBnk.TestClass_Deals.TestClass_Template_Creation" name="Verify_ClickOn_MarkRepeatingSection" time="0.751"/>
</testsuite> <!-- com.TransBnk.TestClass_Deals.TestClass_Template_Creation -->
