<?xml version="1.0" encoding="UTF-8"?>
<!-- Generated by org.testng.reporters.JUnitReportReporter -->
<testsuite hostname="LT-SAKSHI" failures="0" tests="19" name="com.TransBnk.TestClass_RiskRadar.TestClass_RiskRadar_BankBalance" time="665.111" errors="1" timestamp="2024-07-19T15:09:38 IST" skipped="0">
  <testcase classname="com.TransBnk.TestClass_RiskRadar.TestClass_RiskRadar_BankBalance" name="Verify_Select_Entity" time="5.322"/>
  <testcase classname="com.TransBnk.TestClass_RiskRadar.TestClass_RiskRadar_BankBalance" name="Verify_Select_Product" time="6.297"/>
  <testcase classname="com.TransBnk.TestClass_RiskRadar.TestClass_RiskRadar_BankBalance" name="Verify_ClickOnRiskRadarOption" time="1.650"/>
  <testcase classname="com.TransBnk.TestClass_RiskRadar.TestClass_RiskRadar_BankBalance" name="Verify_ClickOnBankBalance" time="0.594"/>
  <testcase classname="com.TransBnk.TestClass_RiskRadar.TestClass_RiskRadar_BankBalance" name="Verify_BankBalancePage" time="20.614">
    <error message="no such element: Unable to locate element: {&quot;method&quot;:&quot;xpath&quot;,&quot;selector&quot;:&quot;//h5[contains(.,&#039;Bank Account Master&#039;)]&quot;}
  (Session info: chrome=126.0.6478.183)
For documentation on this error, please visit: https://selenium.dev/exceptions/#no_such_element
Build info: version: &#039;4.6.0&#039;, revision: &#039;79f1c02ae20&#039;
System info: os.name: &#039;Windows 10&#039;, os.arch: &#039;amd64&#039;, os.version: &#039;10.0&#039;, java.version: &#039;21.0.1&#039;
Driver info: org.openqa.selenium.chrome.ChromeDriver
Command: [9286f27d73e7676581e9989c10873c13, findElement {using=xpath, value=//h5[contains(.,&#039;Bank Account Master&#039;)]}]
Capabilities {acceptInsecureCerts: false, browserName: chrome, browserVersion: 126.0.6478.183, chrome: {chromedriverVersion: 126.0.6478.182 (5b5d8292ddf..., userDataDir: C:\Users\lenovo\AppData\Loc...}, fedcm:accounts: true, goog:chromeOptions: {debuggerAddress: localhost:50875}, networkConnectionEnabled: false, pageLoadStrategy: normal, platformName: WINDOWS, proxy: Proxy(), se:cdp: ws://localhost:50875/devtoo..., se:cdpVersion: 126.0.6478.183, setWindowRect: true, strictFileInteractability: false, timeouts: {implicit: 0, pageLoad: 300000, script: 30000}, unhandledPromptBehavior: dismiss and notify, webauthn:extension:credBlob: true, webauthn:extension:largeBlob: true, webauthn:extension:minPinLength: true, webauthn:extension:prf: true, webauthn:virtualAuthenticators: true}
Session ID: 9286f27d73e7676581e9989c10873c13" type="org.openqa.selenium.NoSuchElementException">
      <![CDATA[org.openqa.selenium.NoSuchElementException: no such element: Unable to locate element: {"method":"xpath","selector":"//h5[contains(.,'Bank Account Master')]"}
  (Session info: chrome=126.0.6478.183)
For documentation on this error, please visit: https://selenium.dev/exceptions/#no_such_element
Build info: version: '4.6.0', revision: '79f1c02ae20'
System info: os.name: 'Windows 10', os.arch: 'amd64', os.version: '10.0', java.version: '21.0.1'
Driver info: org.openqa.selenium.chrome.ChromeDriver
Command: [9286f27d73e7676581e9989c10873c13, findElement {using=xpath, value=//h5[contains(.,'Bank Account Master')]}]
Capabilities {acceptInsecureCerts: false, browserName: chrome, browserVersion: 126.0.6478.183, chrome: {chromedriverVersion: 126.0.6478.182 (5b5d8292ddf..., userDataDir: C:\Users\lenovo\AppData\Loc...}, fedcm:accounts: true, goog:chromeOptions: {debuggerAddress: localhost:50875}, networkConnectionEnabled: false, pageLoadStrategy: normal, platformName: WINDOWS, proxy: Proxy(), se:cdp: ws://localhost:50875/devtoo..., se:cdpVersion: 126.0.6478.183, setWindowRect: true, strictFileInteractability: false, timeouts: {implicit: 0, pageLoad: 300000, script: 30000}, unhandledPromptBehavior: dismiss and notify, webauthn:extension:credBlob: true, webauthn:extension:largeBlob: true, webauthn:extension:minPinLength: true, webauthn:extension:prf: true, webauthn:virtualAuthenticators: true}
Session ID: 9286f27d73e7676581e9989c10873c13
at java.base/jdk.internal.reflect.DirectConstructorHandleAccessor.newInstance(DirectConstructorHandleAccessor.java:62)
at java.base/java.lang.reflect.Constructor.newInstanceWithCaller(Constructor.java:502)
at java.base/java.lang.reflect.Constructor.newInstance(Constructor.java:486)
at org.openqa.selenium.remote.codec.w3c.W3CHttpResponseCodec.createException(W3CHttpResponseCodec.java:200)
at org.openqa.selenium.remote.codec.w3c.W3CHttpResponseCodec.decode(W3CHttpResponseCodec.java:133)
at org.openqa.selenium.remote.codec.w3c.W3CHttpResponseCodec.decode(W3CHttpResponseCodec.java:53)
at org.openqa.selenium.remote.HttpCommandExecutor.execute(HttpCommandExecutor.java:184)
at org.openqa.selenium.remote.service.DriverCommandExecutor.invokeExecute(DriverCommandExecutor.java:167)
at org.openqa.selenium.remote.service.DriverCommandExecutor.execute(DriverCommandExecutor.java:142)
at org.openqa.selenium.remote.RemoteWebDriver.execute(RemoteWebDriver.java:541)
at org.openqa.selenium.remote.ElementLocation$ElementFinder$2.findElement(ElementLocation.java:162)
at org.openqa.selenium.remote.ElementLocation.findElement(ElementLocation.java:60)
at org.openqa.selenium.remote.RemoteWebDriver.findElement(RemoteWebDriver.java:365)
at org.openqa.selenium.remote.RemoteWebDriver.findElement(RemoteWebDriver.java:357)
at org.openqa.selenium.support.pagefactory.DefaultElementLocator.findElement(DefaultElementLocator.java:70)
at org.openqa.selenium.support.pagefactory.internal.LocatingElementHandler.invoke(LocatingElementHandler.java:39)
at jdk.proxy2/jdk.proxy2.$Proxy24.getText(Unknown Source)
at com.TransBnk.RiskRadar.riskRadarBankBalance.verifyBankBalancePage(riskRadarBankBalance.java:83)
at com.TransBnk.TestClass_RiskRadar.TestClass_RiskRadar_BankBalance.Verify_BankBalancePage(TestClass_RiskRadar_BankBalance.java:42)
at java.base/jdk.internal.reflect.DirectMethodHandleAccessor.invoke(DirectMethodHandleAccessor.java:103)
at java.base/java.lang.reflect.Method.invoke(Method.java:580)
at org.testng.internal.invokers.MethodInvocationHelper.invokeMethod(MethodInvocationHelper.java:139)
at org.testng.internal.invokers.TestInvoker.invokeMethod(TestInvoker.java:664)
at org.testng.internal.invokers.TestInvoker.invokeTestMethod(TestInvoker.java:227)
at org.testng.internal.invokers.MethodRunner.runInSequence(MethodRunner.java:50)
at org.testng.internal.invokers.TestInvoker$MethodInvocationAgent.invoke(TestInvoker.java:957)
at org.testng.internal.invokers.TestInvoker.invokeTestMethods(TestInvoker.java:200)
at org.testng.internal.invokers.TestMethodWorker.invokeTestMethods(TestMethodWorker.java:148)
at org.testng.internal.invokers.TestMethodWorker.run(TestMethodWorker.java:128)
at java.base/java.util.ArrayList.forEach(ArrayList.java:1596)
at org.testng.TestRunner.privateRun(TestRunner.java:848)
at org.testng.TestRunner.run(TestRunner.java:621)
at org.testng.SuiteRunner.runTest(SuiteRunner.java:443)
at org.testng.SuiteRunner.runSequentially(SuiteRunner.java:437)
at org.testng.SuiteRunner.privateRun(SuiteRunner.java:397)
at org.testng.SuiteRunner.run(SuiteRunner.java:336)
at org.testng.SuiteRunnerWorker.runSuite(SuiteRunnerWorker.java:52)
at org.testng.SuiteRunnerWorker.run(SuiteRunnerWorker.java:95)
at org.testng.TestNG.runSuitesSequentially(TestNG.java:1280)
at org.testng.TestNG.runSuitesLocally(TestNG.java:1200)
at org.testng.TestNG.runSuites(TestNG.java:1114)
at org.testng.TestNG.run(TestNG.java:1082)
at org.testng.remote.AbstractRemoteTestNG.run(AbstractRemoteTestNG.java:115)
at org.testng.remote.RemoteTestNG.initAndRun(RemoteTestNG.java:251)
at org.testng.remote.RemoteTestNG.main(RemoteTestNG.java:77)
]]>
    </error>
  </testcase> <!-- Verify_BankBalancePage -->
  <testcase classname="com.TransBnk.TestClass_RiskRadar.TestClass_RiskRadar_BankBalance" name="Verify_clickOnFetchButton" time="2.391"/>
  <testcase classname="com.TransBnk.TestClass_RiskRadar.TestClass_RiskRadar_BankBalance" name="checkBalanceFetchDateAndTime_Bank_INDB" time="3.108"/>
  <testcase classname="com.TransBnk.TestClass_RiskRadar.TestClass_RiskRadar_BankBalance" name="checkBalanceFetchDateAndTime_Bank_UTIB" time="0.061"/>
  <testcase classname="com.TransBnk.TestClass_RiskRadar.TestClass_RiskRadar_BankBalance" name="checkBalanceFetchDateAndTime_Bank_RATN" time="0.053"/>
  <testcase classname="com.TransBnk.TestClass_RiskRadar.TestClass_RiskRadar_BankBalance" name="checkBalanceFetchDateAndTime_Bank_YES" time="0.062"/>
  <testcase classname="com.TransBnk.TestClass_RiskRadar.TestClass_RiskRadar_BankBalance" name="Verify_BankBalanceValue" time="1.615"/>
  <testcase classname="com.TransBnk.TestClass_RiskRadar.TestClass_RiskRadar_BankBalance" name="Verify_clickOnTransactionOption" time="0.646"/>
  <testcase classname="com.TransBnk.TestClass_RiskRadar.TestClass_RiskRadar_BankBalance" name="Verify_clickOnFetchButtonOnTransactionPage" time="6.439"/>
  <testcase classname="com.TransBnk.TestClass_RiskRadar.TestClass_RiskRadar_BankBalance" name="Verify_NullorZeroTransAmountForBankTransaction" time="161.244"/>
  <testcase classname="com.TransBnk.TestClass_RiskRadar.TestClass_RiskRadar_BankBalance" name="Verify_clickOnFirstPage4" time="1.043"/>
  <testcase classname="com.TransBnk.TestClass_RiskRadar.TestClass_RiskRadar_BankBalance" name="Verify_checkNullAccountBalForBankTransaction" time="158.485"/>
  <testcase classname="com.TransBnk.TestClass_RiskRadar.TestClass_RiskRadar_BankBalance" name="Verify_clickOnFirstPage" time="0.975"/>
  <testcase classname="com.TransBnk.TestClass_RiskRadar.TestClass_RiskRadar_BankBalance" name="Verify_checkDuplicateRefNo" time="293.505"/>
  <testcase classname="com.TransBnk.TestClass_RiskRadar.TestClass_RiskRadar_BankBalance" name="Verify_clickOnFirstPage1" time="1.007"/>
</testsuite> <!-- com.TransBnk.TestClass_RiskRadar.TestClass_RiskRadar_BankBalance -->
