<?xml version="1.0" encoding="UTF-8"?>
<!-- Generated by org.testng.reporters.JUnitReportReporter -->
<testsuite hostname="LT-SAKSHI" failures="0" tests="19" name="com.TransBnk.TestClass_Payouts.TestClass_PayoutMakerCheckerSameEntity" time="26.757" errors="2" timestamp="2024-07-16T15:14:14 IST" skipped="16">
  <testcase classname="com.TransBnk.TestClass_Payouts.TestClass_PayoutMakerCheckerSameEntity" name="captureScreenshot" time="0.029">
    <error message="no such window: target window already closed
from unknown error: web view not found
  (Session info: chrome=126.0.6478.127)
Build info: version: &#039;4.6.0&#039;, revision: &#039;79f1c02ae20&#039;
System info: os.name: &#039;Windows 10&#039;, os.arch: &#039;amd64&#039;, os.version: &#039;10.0&#039;, java.version: &#039;21.0.1&#039;
Driver info: org.openqa.selenium.chrome.ChromeDriver
Command: [9d9b18dbc74fda4e95c2873c32515f68, screenshot {}]
Capabilities {acceptInsecureCerts: false, browserName: chrome, browserVersion: 126.0.6478.127, chrome: {chromedriverVersion: 126.0.6478.126 (d36ace6122e..., userDataDir: C:\Users\lenovo\AppData\Loc...}, fedcm:accounts: true, goog:chromeOptions: {debuggerAddress: localhost:65303}, networkConnectionEnabled: false, pageLoadStrategy: normal, platformName: WINDOWS, proxy: Proxy(), se:cdp: ws://localhost:65303/devtoo..., se:cdpVersion: 126.0.6478.127, setWindowRect: true, strictFileInteractability: false, timeouts: {implicit: 0, pageLoad: 300000, script: 30000}, unhandledPromptBehavior: dismiss and notify, webauthn:extension:credBlob: true, webauthn:extension:largeBlob: true, webauthn:extension:minPinLength: true, webauthn:extension:prf: true, webauthn:virtualAuthenticators: true}
Session ID: 9d9b18dbc74fda4e95c2873c32515f68" type="org.openqa.selenium.NoSuchWindowException">
      <![CDATA[org.openqa.selenium.NoSuchWindowException: no such window: target window already closed
from unknown error: web view not found
  (Session info: chrome=126.0.6478.127)
Build info: version: '4.6.0', revision: '79f1c02ae20'
System info: os.name: 'Windows 10', os.arch: 'amd64', os.version: '10.0', java.version: '21.0.1'
Driver info: org.openqa.selenium.chrome.ChromeDriver
Command: [9d9b18dbc74fda4e95c2873c32515f68, screenshot {}]
Capabilities {acceptInsecureCerts: false, browserName: chrome, browserVersion: 126.0.6478.127, chrome: {chromedriverVersion: 126.0.6478.126 (d36ace6122e..., userDataDir: C:\Users\lenovo\AppData\Loc...}, fedcm:accounts: true, goog:chromeOptions: {debuggerAddress: localhost:65303}, networkConnectionEnabled: false, pageLoadStrategy: normal, platformName: WINDOWS, proxy: Proxy(), se:cdp: ws://localhost:65303/devtoo..., se:cdpVersion: 126.0.6478.127, setWindowRect: true, strictFileInteractability: false, timeouts: {implicit: 0, pageLoad: 300000, script: 30000}, unhandledPromptBehavior: dismiss and notify, webauthn:extension:credBlob: true, webauthn:extension:largeBlob: true, webauthn:extension:minPinLength: true, webauthn:extension:prf: true, webauthn:virtualAuthenticators: true}
Session ID: 9d9b18dbc74fda4e95c2873c32515f68
at java.base/jdk.internal.reflect.DirectConstructorHandleAccessor.newInstance(DirectConstructorHandleAccessor.java:62)
at java.base/java.lang.reflect.Constructor.newInstanceWithCaller(Constructor.java:502)
at java.base/java.lang.reflect.Constructor.newInstance(Constructor.java:486)
at org.openqa.selenium.remote.codec.w3c.W3CHttpResponseCodec.createException(W3CHttpResponseCodec.java:200)
at org.openqa.selenium.remote.codec.w3c.W3CHttpResponseCodec.decode(W3CHttpResponseCodec.java:133)
at org.openqa.selenium.remote.codec.w3c.W3CHttpResponseCodec.decode(W3CHttpResponseCodec.java:53)
at org.openqa.selenium.remote.HttpCommandExecutor.execute(HttpCommandExecutor.java:184)
at org.openqa.selenium.remote.service.DriverCommandExecutor.invokeExecute(DriverCommandExecutor.java:167)
at org.openqa.selenium.remote.service.DriverCommandExecutor.execute(DriverCommandExecutor.java:142)
at org.openqa.selenium.remote.RemoteWebDriver.execute(RemoteWebDriver.java:541)
at org.openqa.selenium.remote.RemoteWebDriver.execute(RemoteWebDriver.java:596)
at org.openqa.selenium.remote.RemoteWebDriver.execute(RemoteWebDriver.java:600)
at org.openqa.selenium.remote.RemoteWebDriver.getScreenshotAs(RemoteWebDriver.java:331)
at com.TransBnk.Library.UtilityClass.captureScreenshot(UtilityClass.java:137)
at com.TransBnk.testutility.BaseTest.captureScreenshot(BaseTest.java:109)
at java.base/jdk.internal.reflect.DirectMethodHandleAccessor.invoke(DirectMethodHandleAccessor.java:103)
at java.base/java.lang.reflect.Method.invoke(Method.java:580)
at org.testng.internal.invokers.MethodInvocationHelper.invokeMethod(MethodInvocationHelper.java:139)
at org.testng.internal.invokers.MethodInvocationHelper.invokeMethodConsideringTimeout(MethodInvocationHelper.java:69)
at org.testng.internal.invokers.ConfigInvoker.invokeConfigurationMethod(ConfigInvoker.java:390)
at org.testng.internal.invokers.ConfigInvoker.invokeConfigurations(ConfigInvoker.java:325)
at org.testng.internal.invokers.TestInvoker.runConfigMethods(TestInvoker.java:810)
at org.testng.internal.invokers.TestInvoker.runAfterConfigurations(TestInvoker.java:779)
at org.testng.internal.invokers.TestInvoker.invokeMethod(TestInvoker.java:755)
at org.testng.internal.invokers.TestInvoker.invokeTestMethod(TestInvoker.java:227)
at org.testng.internal.invokers.MethodRunner.runInSequence(MethodRunner.java:50)
at org.testng.internal.invokers.TestInvoker$MethodInvocationAgent.invoke(TestInvoker.java:957)
at org.testng.internal.invokers.TestInvoker.invokeTestMethods(TestInvoker.java:200)
at org.testng.internal.invokers.TestMethodWorker.invokeTestMethods(TestMethodWorker.java:148)
at org.testng.internal.invokers.TestMethodWorker.run(TestMethodWorker.java:128)
at java.base/java.util.ArrayList.forEach(ArrayList.java:1596)
at org.testng.TestRunner.privateRun(TestRunner.java:848)
at org.testng.TestRunner.run(TestRunner.java:621)
at org.testng.SuiteRunner.runTest(SuiteRunner.java:443)
at org.testng.SuiteRunner.runSequentially(SuiteRunner.java:437)
at org.testng.SuiteRunner.privateRun(SuiteRunner.java:397)
at org.testng.SuiteRunner.run(SuiteRunner.java:336)
at org.testng.SuiteRunnerWorker.runSuite(SuiteRunnerWorker.java:52)
at org.testng.SuiteRunnerWorker.run(SuiteRunnerWorker.java:95)
at org.testng.TestNG.runSuitesSequentially(TestNG.java:1280)
at org.testng.TestNG.runSuitesLocally(TestNG.java:1200)
at org.testng.TestNG.runSuites(TestNG.java:1114)
at org.testng.TestNG.run(TestNG.java:1082)
at org.testng.remote.AbstractRemoteTestNG.run(AbstractRemoteTestNG.java:115)
at org.testng.remote.RemoteTestNG.initAndRun(RemoteTestNG.java:251)
at org.testng.remote.RemoteTestNG.main(RemoteTestNG.java:77)
]]>
    </error>
  </testcase> <!-- captureScreenshot -->
  <testcase classname="com.TransBnk.TestClass_Payouts.TestClass_PayoutMakerCheckerSameEntity" name="Verify_LoginToPayoutMakerUser" time="20.686"/>
  <testcase classname="com.TransBnk.TestClass_Payouts.TestClass_PayoutMakerCheckerSameEntity" name="Verify_Select_Entity" time="6.037">
    <error message="no such window: target window already closed
from unknown error: web view not found
  (Session info: chrome=126.0.6478.127)
Build info: version: &#039;4.6.0&#039;, revision: &#039;79f1c02ae20&#039;
System info: os.name: &#039;Windows 10&#039;, os.arch: &#039;amd64&#039;, os.version: &#039;10.0&#039;, java.version: &#039;21.0.1&#039;
Driver info: org.openqa.selenium.chrome.ChromeDriver
Command: [9d9b18dbc74fda4e95c2873c32515f68, findElement {using=xpath, value=(//a[@id=&quot;dropdownMenuLink&quot;])[1]}]
Capabilities {acceptInsecureCerts: false, browserName: chrome, browserVersion: 126.0.6478.127, chrome: {chromedriverVersion: 126.0.6478.126 (d36ace6122e..., userDataDir: C:\Users\lenovo\AppData\Loc...}, fedcm:accounts: true, goog:chromeOptions: {debuggerAddress: localhost:65303}, networkConnectionEnabled: false, pageLoadStrategy: normal, platformName: WINDOWS, proxy: Proxy(), se:cdp: ws://localhost:65303/devtoo..., se:cdpVersion: 126.0.6478.127, setWindowRect: true, strictFileInteractability: false, timeouts: {implicit: 0, pageLoad: 300000, script: 30000}, unhandledPromptBehavior: dismiss and notify, webauthn:extension:credBlob: true, webauthn:extension:largeBlob: true, webauthn:extension:minPinLength: true, webauthn:extension:prf: true, webauthn:virtualAuthenticators: true}
Session ID: 9d9b18dbc74fda4e95c2873c32515f68" type="org.openqa.selenium.NoSuchWindowException">
      <![CDATA[org.openqa.selenium.NoSuchWindowException: no such window: target window already closed
from unknown error: web view not found
  (Session info: chrome=126.0.6478.127)
Build info: version: '4.6.0', revision: '79f1c02ae20'
System info: os.name: 'Windows 10', os.arch: 'amd64', os.version: '10.0', java.version: '21.0.1'
Driver info: org.openqa.selenium.chrome.ChromeDriver
Command: [9d9b18dbc74fda4e95c2873c32515f68, findElement {using=xpath, value=(//a[@id="dropdownMenuLink"])[1]}]
Capabilities {acceptInsecureCerts: false, browserName: chrome, browserVersion: 126.0.6478.127, chrome: {chromedriverVersion: 126.0.6478.126 (d36ace6122e..., userDataDir: C:\Users\lenovo\AppData\Loc...}, fedcm:accounts: true, goog:chromeOptions: {debuggerAddress: localhost:65303}, networkConnectionEnabled: false, pageLoadStrategy: normal, platformName: WINDOWS, proxy: Proxy(), se:cdp: ws://localhost:65303/devtoo..., se:cdpVersion: 126.0.6478.127, setWindowRect: true, strictFileInteractability: false, timeouts: {implicit: 0, pageLoad: 300000, script: 30000}, unhandledPromptBehavior: dismiss and notify, webauthn:extension:credBlob: true, webauthn:extension:largeBlob: true, webauthn:extension:minPinLength: true, webauthn:extension:prf: true, webauthn:virtualAuthenticators: true}
Session ID: 9d9b18dbc74fda4e95c2873c32515f68
at java.base/jdk.internal.reflect.DirectConstructorHandleAccessor.newInstance(DirectConstructorHandleAccessor.java:62)
at java.base/java.lang.reflect.Constructor.newInstanceWithCaller(Constructor.java:502)
at java.base/java.lang.reflect.Constructor.newInstance(Constructor.java:486)
at org.openqa.selenium.remote.codec.w3c.W3CHttpResponseCodec.createException(W3CHttpResponseCodec.java:200)
at org.openqa.selenium.remote.codec.w3c.W3CHttpResponseCodec.decode(W3CHttpResponseCodec.java:133)
at org.openqa.selenium.remote.codec.w3c.W3CHttpResponseCodec.decode(W3CHttpResponseCodec.java:53)
at org.openqa.selenium.remote.HttpCommandExecutor.execute(HttpCommandExecutor.java:184)
at org.openqa.selenium.remote.service.DriverCommandExecutor.invokeExecute(DriverCommandExecutor.java:167)
at org.openqa.selenium.remote.service.DriverCommandExecutor.execute(DriverCommandExecutor.java:142)
at org.openqa.selenium.remote.RemoteWebDriver.execute(RemoteWebDriver.java:541)
at org.openqa.selenium.remote.ElementLocation$ElementFinder$2.findElement(ElementLocation.java:162)
at org.openqa.selenium.remote.ElementLocation.findElement(ElementLocation.java:60)
at org.openqa.selenium.remote.RemoteWebDriver.findElement(RemoteWebDriver.java:365)
at org.openqa.selenium.remote.RemoteWebDriver.findElement(RemoteWebDriver.java:357)
at org.openqa.selenium.support.pagefactory.DefaultElementLocator.findElement(DefaultElementLocator.java:70)
at org.openqa.selenium.support.pagefactory.internal.LocatingElementHandler.invoke(LocatingElementHandler.java:39)
at jdk.proxy2/jdk.proxy2.$Proxy24.click(Unknown Source)
at com.TransBnk.Deal.Deal_Without_Template.select_Entity(Deal_Without_Template.java:196)
at com.TransBnk.TestClass_Payouts.TestClass_PayoutMakerCheckerSameEntity.Verify_Select_Entity(TestClass_PayoutMakerCheckerSameEntity.java:24)
at java.base/jdk.internal.reflect.DirectMethodHandleAccessor.invoke(DirectMethodHandleAccessor.java:103)
at java.base/java.lang.reflect.Method.invoke(Method.java:580)
at org.testng.internal.invokers.MethodInvocationHelper.invokeMethod(MethodInvocationHelper.java:139)
at org.testng.internal.invokers.TestInvoker.invokeMethod(TestInvoker.java:664)
at org.testng.internal.invokers.TestInvoker.invokeTestMethod(TestInvoker.java:227)
at org.testng.internal.invokers.MethodRunner.runInSequence(MethodRunner.java:50)
at org.testng.internal.invokers.TestInvoker$MethodInvocationAgent.invoke(TestInvoker.java:957)
at org.testng.internal.invokers.TestInvoker.invokeTestMethods(TestInvoker.java:200)
at org.testng.internal.invokers.TestMethodWorker.invokeTestMethods(TestMethodWorker.java:148)
at org.testng.internal.invokers.TestMethodWorker.run(TestMethodWorker.java:128)
at java.base/java.util.ArrayList.forEach(ArrayList.java:1596)
at org.testng.TestRunner.privateRun(TestRunner.java:848)
at org.testng.TestRunner.run(TestRunner.java:621)
at org.testng.SuiteRunner.runTest(SuiteRunner.java:443)
at org.testng.SuiteRunner.runSequentially(SuiteRunner.java:437)
at org.testng.SuiteRunner.privateRun(SuiteRunner.java:397)
at org.testng.SuiteRunner.run(SuiteRunner.java:336)
at org.testng.SuiteRunnerWorker.runSuite(SuiteRunnerWorker.java:52)
at org.testng.SuiteRunnerWorker.run(SuiteRunnerWorker.java:95)
at org.testng.TestNG.runSuitesSequentially(TestNG.java:1280)
at org.testng.TestNG.runSuitesLocally(TestNG.java:1200)
at org.testng.TestNG.runSuites(TestNG.java:1114)
at org.testng.TestNG.run(TestNG.java:1082)
at org.testng.remote.AbstractRemoteTestNG.run(AbstractRemoteTestNG.java:115)
at org.testng.remote.RemoteTestNG.initAndRun(RemoteTestNG.java:251)
at org.testng.remote.RemoteTestNG.main(RemoteTestNG.java:77)
]]>
    </error>
  </testcase> <!-- Verify_Select_Entity -->
  <testcase classname="com.TransBnk.TestClass_Payouts.TestClass_PayoutMakerCheckerSameEntity" name="Verify_Select_Product" time="0.000">
    <skipped/>
  </testcase> <!-- Verify_Select_Product -->
  <testcase classname="com.TransBnk.TestClass_Payouts.TestClass_PayoutMakerCheckerSameEntity" name="Verify_ClickOnPayoutsOption" time="0.000">
    <skipped/>
  </testcase> <!-- Verify_ClickOnPayoutsOption -->
  <testcase classname="com.TransBnk.TestClass_Payouts.TestClass_PayoutMakerCheckerSameEntity" name="Verify_ClickOn_Bulk_PayoutOption" time="0.000">
    <skipped/>
  </testcase> <!-- Verify_ClickOn_Bulk_PayoutOption -->
  <testcase classname="com.TransBnk.TestClass_Payouts.TestClass_PayoutMakerCheckerSameEntity" name="Verify_ClickOn_Add_Bulk_Payout_Button" time="0.000">
    <skipped/>
  </testcase> <!-- Verify_ClickOn_Add_Bulk_Payout_Button -->
  <testcase classname="com.TransBnk.TestClass_Payouts.TestClass_PayoutMakerCheckerSameEntity" name="writeDataToExcel" time="0.000">
    <skipped/>
  </testcase> <!-- writeDataToExcel -->
  <testcase classname="com.TransBnk.TestClass_Payouts.TestClass_PayoutMakerCheckerSameEntity" name="Verify_Upload_ValidBulkPayoutFile" time="0.000">
    <skipped/>
  </testcase> <!-- Verify_Upload_ValidBulkPayoutFile -->
  <testcase classname="com.TransBnk.TestClass_Payouts.TestClass_PayoutMakerCheckerSameEntity" name="Veirfy_SelectBankName" time="0.001">
    <skipped/>
  </testcase> <!-- Veirfy_SelectBankName -->
  <testcase classname="com.TransBnk.TestClass_Payouts.TestClass_PayoutMakerCheckerSameEntity" name="Verify_EnterRemarkInField" time="0.000">
    <skipped/>
  </testcase> <!-- Verify_EnterRemarkInField -->
  <testcase classname="com.TransBnk.TestClass_Payouts.TestClass_PayoutMakerCheckerSameEntity" name="Verify_ClickOnConfirmButton" time="0.000">
    <skipped/>
  </testcase> <!-- Verify_ClickOnConfirmButton -->
  <testcase classname="com.TransBnk.TestClass_Payouts.TestClass_PayoutMakerCheckerSameEntity" name="Verify_StatusForUploadedPayoutsForSameEntity" time="0.000">
    <skipped/>
  </testcase> <!-- Verify_StatusForUploadedPayoutsForSameEntity -->
  <testcase classname="com.TransBnk.TestClass_Payouts.TestClass_PayoutMakerCheckerSameEntity" name="Verify_ClickOn_PayoutsOptionFromSideMenu" time="0.000">
    <skipped/>
  </testcase> <!-- Verify_ClickOn_PayoutsOptionFromSideMenu -->
  <testcase classname="com.TransBnk.TestClass_Payouts.TestClass_PayoutMakerCheckerSameEntity" name="Verify_ClickOn_PayoutApprovalListOptionFromSideMenuToApprovePayoutFromSameEntityAndUser" time="0.000">
    <skipped/>
  </testcase> <!-- Verify_ClickOn_PayoutApprovalListOptionFromSideMenuToApprovePayoutFromSameEntityAndUser -->
  <testcase classname="com.TransBnk.TestClass_Payouts.TestClass_PayoutMakerCheckerSameEntity" name="verify_payoutIsVisibleInPayoutApprovalList_SameEntity" time="0.004">
    <skipped/>
  </testcase> <!-- verify_payoutIsVisibleInPayoutApprovalList_SameEntity -->
  <testcase classname="com.TransBnk.TestClass_Payouts.TestClass_PayoutMakerCheckerSameEntity" name="verify_clickOnAllActions_CheckerSameEntity" time="0.000">
    <skipped/>
  </testcase> <!-- verify_clickOnAllActions_CheckerSameEntity -->
  <testcase classname="com.TransBnk.TestClass_Payouts.TestClass_PayoutMakerCheckerSameEntity" name="verify_ApprovalStatusInAllActionsFor_SameEntityApprovalUser" time="0.000">
    <skipped/>
  </testcase> <!-- verify_ApprovalStatusInAllActionsFor_SameEntityApprovalUser -->
  <testcase classname="com.TransBnk.TestClass_Payouts.TestClass_PayoutMakerCheckerSameEntity" name="Verify_LogoutFromUser" time="0.000">
    <skipped/>
  </testcase> <!-- Verify_LogoutFromUser -->
</testsuite> <!-- com.TransBnk.TestClass_Payouts.TestClass_PayoutMakerCheckerSameEntity -->
