<?xml version="1.0" encoding="UTF-8"?>
<!-- Generated by org.testng.reporters.JUnitReportReporter -->
<testsuite hostname="LT-SAKSHI" failures="0" tests="20" name="com.TransBnk.TestClass_Deals.TestClass_Deal_with_Template" time="300.611" errors="1" timestamp="2024-07-18T15:14:57 IST" skipped="0">
  <testcase classname="com.TransBnk.TestClass_Deals.TestClass_Deal_with_Template" name="Verify_Select_Entity" time="5.384"/>
  <testcase classname="com.TransBnk.TestClass_Deals.TestClass_Deal_with_Template" name="Verify_Select_Product" time="6.367"/>
  <testcase classname="com.TransBnk.TestClass_Deals.TestClass_Deal_with_Template" name="Verify_ClickOnDocuflow" time="2.108"/>
  <testcase classname="com.TransBnk.TestClass_Deals.TestClass_Deal_with_Template" name="Verify_ClickOnDeals" time="3.960"/>
  <testcase classname="com.TransBnk.TestClass_Deals.TestClass_Deal_with_Template" name="Verify_Deal_creation_page" time="12.559"/>
  <testcase classname="com.TransBnk.TestClass_Deals.TestClass_Deal_with_Template" name="Verify_searchCreatedTemplate_AndClickOnCreateButton" time="9.104"/>
  <testcase classname="com.TransBnk.TestClass_Deals.TestClass_Deal_with_Template" name="Verify_EnterNumberOf_Parties" time="55.687"/>
  <testcase classname="com.TransBnk.TestClass_Deals.TestClass_Deal_with_Template" name="AddCustomSignatories_party1" time="17.592"/>
  <testcase classname="com.TransBnk.TestClass_Deals.TestClass_Deal_with_Template" name="Verify_AddCustomSignatories_party2" time="12.666"/>
  <testcase classname="com.TransBnk.TestClass_Deals.TestClass_Deal_with_Template" name="Verify_AddCustomSignatories_party3" time="43.383">
    <error message="no such element: Unable to locate element: {&quot;method&quot;:&quot;xpath&quot;,&quot;selector&quot;:&quot;//div[2]/div/main/app-add-agreement-detail/div[1]/app-section-header/div//div[2]/div/app-button[2]/button&quot;}
  (Session info: chrome=126.0.6478.182)
For documentation on this error, please visit: https://selenium.dev/exceptions/#no_such_element
Build info: version: &#039;4.6.0&#039;, revision: &#039;79f1c02ae20&#039;
System info: os.name: &#039;Windows 10&#039;, os.arch: &#039;amd64&#039;, os.version: &#039;10.0&#039;, java.version: &#039;21.0.1&#039;
Driver info: org.openqa.selenium.chrome.ChromeDriver
Command: [6b787172233a424f2fd4f9478802e2a3, findElement {using=xpath, value=//div[2]/div/main/app-add-agreement-detail/div[1]/app-section-header/div//div[2]/div/app-button[2]/button}]
Capabilities {acceptInsecureCerts: false, browserName: chrome, browserVersion: 126.0.6478.182, chrome: {chromedriverVersion: 126.0.6478.182 (5b5d8292ddf..., userDataDir: C:\Users\lenovo\AppData\Loc...}, fedcm:accounts: true, goog:chromeOptions: {debuggerAddress: localhost:51302}, networkConnectionEnabled: false, pageLoadStrategy: normal, platformName: WINDOWS, proxy: Proxy(), se:cdp: ws://localhost:51302/devtoo..., se:cdpVersion: 126.0.6478.182, setWindowRect: true, strictFileInteractability: false, timeouts: {implicit: 0, pageLoad: 300000, script: 30000}, unhandledPromptBehavior: dismiss and notify, webauthn:extension:credBlob: true, webauthn:extension:largeBlob: true, webauthn:extension:minPinLength: true, webauthn:extension:prf: true, webauthn:virtualAuthenticators: true}
Session ID: 6b787172233a424f2fd4f9478802e2a3" type="org.openqa.selenium.NoSuchElementException">
      <![CDATA[org.openqa.selenium.NoSuchElementException: no such element: Unable to locate element: {"method":"xpath","selector":"//div[2]/div/main/app-add-agreement-detail/div[1]/app-section-header/div//div[2]/div/app-button[2]/button"}
  (Session info: chrome=126.0.6478.182)
For documentation on this error, please visit: https://selenium.dev/exceptions/#no_such_element
Build info: version: '4.6.0', revision: '79f1c02ae20'
System info: os.name: 'Windows 10', os.arch: 'amd64', os.version: '10.0', java.version: '21.0.1'
Driver info: org.openqa.selenium.chrome.ChromeDriver
Command: [6b787172233a424f2fd4f9478802e2a3, findElement {using=xpath, value=//div[2]/div/main/app-add-agreement-detail/div[1]/app-section-header/div//div[2]/div/app-button[2]/button}]
Capabilities {acceptInsecureCerts: false, browserName: chrome, browserVersion: 126.0.6478.182, chrome: {chromedriverVersion: 126.0.6478.182 (5b5d8292ddf..., userDataDir: C:\Users\lenovo\AppData\Loc...}, fedcm:accounts: true, goog:chromeOptions: {debuggerAddress: localhost:51302}, networkConnectionEnabled: false, pageLoadStrategy: normal, platformName: WINDOWS, proxy: Proxy(), se:cdp: ws://localhost:51302/devtoo..., se:cdpVersion: 126.0.6478.182, setWindowRect: true, strictFileInteractability: false, timeouts: {implicit: 0, pageLoad: 300000, script: 30000}, unhandledPromptBehavior: dismiss and notify, webauthn:extension:credBlob: true, webauthn:extension:largeBlob: true, webauthn:extension:minPinLength: true, webauthn:extension:prf: true, webauthn:virtualAuthenticators: true}
Session ID: 6b787172233a424f2fd4f9478802e2a3
at java.base/jdk.internal.reflect.DirectConstructorHandleAccessor.newInstance(DirectConstructorHandleAccessor.java:62)
at java.base/java.lang.reflect.Constructor.newInstanceWithCaller(Constructor.java:502)
at java.base/java.lang.reflect.Constructor.newInstance(Constructor.java:486)
at org.openqa.selenium.remote.codec.w3c.W3CHttpResponseCodec.createException(W3CHttpResponseCodec.java:200)
at org.openqa.selenium.remote.codec.w3c.W3CHttpResponseCodec.decode(W3CHttpResponseCodec.java:133)
at org.openqa.selenium.remote.codec.w3c.W3CHttpResponseCodec.decode(W3CHttpResponseCodec.java:53)
at org.openqa.selenium.remote.HttpCommandExecutor.execute(HttpCommandExecutor.java:184)
at org.openqa.selenium.remote.service.DriverCommandExecutor.invokeExecute(DriverCommandExecutor.java:167)
at org.openqa.selenium.remote.service.DriverCommandExecutor.execute(DriverCommandExecutor.java:142)
at org.openqa.selenium.remote.RemoteWebDriver.execute(RemoteWebDriver.java:541)
at org.openqa.selenium.remote.ElementLocation$ElementFinder$2.findElement(ElementLocation.java:162)
at org.openqa.selenium.remote.ElementLocation.findElement(ElementLocation.java:60)
at org.openqa.selenium.remote.RemoteWebDriver.findElement(RemoteWebDriver.java:365)
at org.openqa.selenium.remote.RemoteWebDriver.findElement(RemoteWebDriver.java:357)
at org.openqa.selenium.support.pagefactory.DefaultElementLocator.findElement(DefaultElementLocator.java:70)
at org.openqa.selenium.support.pagefactory.internal.LocatingElementHandler.invoke(LocatingElementHandler.java:39)
at jdk.proxy2/jdk.proxy2.$Proxy24.click(Unknown Source)
at com.TransBnk.Deal.Deal_Without_Template.ClickOnProceedButton_OnpartyDetailsPage(Deal_Without_Template.java:956)
at com.TransBnk.TestClass_Deals.TestClass_Deal_with_Template.Verify_AddCustomSignatories_party3(TestClass_Deal_with_Template.java:99)
at java.base/jdk.internal.reflect.DirectMethodHandleAccessor.invoke(DirectMethodHandleAccessor.java:103)
at java.base/java.lang.reflect.Method.invoke(Method.java:580)
at org.testng.internal.invokers.MethodInvocationHelper.invokeMethod(MethodInvocationHelper.java:139)
at org.testng.internal.invokers.TestInvoker.invokeMethod(TestInvoker.java:664)
at org.testng.internal.invokers.TestInvoker.invokeTestMethod(TestInvoker.java:227)
at org.testng.internal.invokers.MethodRunner.runInSequence(MethodRunner.java:50)
at org.testng.internal.invokers.TestInvoker$MethodInvocationAgent.invoke(TestInvoker.java:957)
at org.testng.internal.invokers.TestInvoker.invokeTestMethods(TestInvoker.java:200)
at org.testng.internal.invokers.TestMethodWorker.invokeTestMethods(TestMethodWorker.java:148)
at org.testng.internal.invokers.TestMethodWorker.run(TestMethodWorker.java:128)
at java.base/java.util.ArrayList.forEach(ArrayList.java:1596)
at org.testng.TestRunner.privateRun(TestRunner.java:848)
at org.testng.TestRunner.run(TestRunner.java:621)
at org.testng.SuiteRunner.runTest(SuiteRunner.java:443)
at org.testng.SuiteRunner.runSequentially(SuiteRunner.java:437)
at org.testng.SuiteRunner.privateRun(SuiteRunner.java:397)
at org.testng.SuiteRunner.run(SuiteRunner.java:336)
at org.testng.SuiteRunnerWorker.runSuite(SuiteRunnerWorker.java:52)
at org.testng.SuiteRunnerWorker.run(SuiteRunnerWorker.java:95)
at org.testng.TestNG.runSuitesSequentially(TestNG.java:1280)
at org.testng.TestNG.runSuitesLocally(TestNG.java:1200)
at org.testng.TestNG.runSuites(TestNG.java:1114)
at org.testng.TestNG.run(TestNG.java:1082)
at org.testng.remote.AbstractRemoteTestNG.run(AbstractRemoteTestNG.java:115)
at org.testng.remote.RemoteTestNG.initAndRun(RemoteTestNG.java:251)
at org.testng.remote.RemoteTestNG.main(RemoteTestNG.java:77)
]]>
    </error>
  </testcase> <!-- Verify_AddCustomSignatories_party3 -->
  <testcase classname="com.TransBnk.TestClass_Deals.TestClass_Deal_with_Template" name="Verify_performActionsBasedOnDealRefID" time="5.710"/>
  <testcase classname="com.TransBnk.TestClass_Deals.TestClass_Deal_with_Template" name="Verify_ClickOnSendForExecutionButton" time="3.264"/>
  <testcase classname="com.TransBnk.TestClass_Deals.TestClass_Deal_with_Template" name="Verify_ReadMailAnd_ClickOnReviewSignButton_forDealWithTemplate" time="82.799"/>
  <testcase classname="com.TransBnk.TestClass_Deals.TestClass_Deal_with_Template" name="Verify_ClickOnVerifyButton" time="0.627"/>
  <testcase classname="com.TransBnk.TestClass_Deals.TestClass_Deal_with_Template" name="Verify_ClickOnCheckBox" time="2.185"/>
  <testcase classname="com.TransBnk.TestClass_Deals.TestClass_Deal_with_Template" name="Verify_ClickOnProceedToSignButton" time="0.644"/>
  <testcase classname="com.TransBnk.TestClass_Deals.TestClass_Deal_with_Template" name="Verify_ClickOnCheckBoxOnAdharCard" time="5.155"/>
  <testcase classname="com.TransBnk.TestClass_Deals.TestClass_Deal_with_Template" name="Verify_EnterAdharNumber" time="0.639"/>
  <testcase classname="com.TransBnk.TestClass_Deals.TestClass_Deal_with_Template" name="Verify_ClickOnSendOTPbutton" time="30.704"/>
  <testcase classname="com.TransBnk.TestClass_Deals.TestClass_Deal_with_Template" name="Verify_SwitchToOriginalTab" time="0.074"/>
</testsuite> <!-- com.TransBnk.TestClass_Deals.TestClass_Deal_with_Template -->
