<?xml version="1.0" encoding="UTF-8"?>
<!-- Generated by org.testng.reporters.JUnitReportReporter -->
<testsuite hostname="DESKTOP-6PMNGS4" failures="0" tests="16" name="com.TransBnk.TestClass_Payouts.TestClass_Bulk_Payout" time="64.764" errors="1" timestamp="2024-06-07T10:06:17 IST" skipped="0">
  <testcase classname="com.TransBnk.TestClass_Payouts.TestClass_Bulk_Payout" name="Verify_ClickOn_PayoutsOption" time="11.061"/>
  <testcase classname="com.TransBnk.TestClass_Payouts.TestClass_Bulk_Payout" name="Verify_ClickOn_Bulk_PayoutOption" time="0.516"/>
  <testcase classname="com.TransBnk.TestClass_Payouts.TestClass_Bulk_Payout" name="Verify_ClickOn_Add_Bulk_Payout_Button" time="1.294"/>
  <testcase classname="com.TransBnk.TestClass_Payouts.TestClass_Bulk_Payout" name="Verify_Upload_BlankBulkPayoutFile" time="0.594"/>
  <testcase classname="com.TransBnk.TestClass_Payouts.TestClass_Bulk_Payout" name="Veirfy_ErrorValidationForUploading_BlankFile" time="0.087"/>
  <testcase classname="com.TransBnk.TestClass_Payouts.TestClass_Bulk_Payout" name="ClickOn_CancelButton" time="0.730"/>
  <testcase classname="com.TransBnk.TestClass_Payouts.TestClass_Bulk_Payout" name="Verify_ClickOn_Add_Bulk_Payout_Button_1" time="0.867"/>
  <testcase classname="com.TransBnk.TestClass_Payouts.TestClass_Bulk_Payout" name="Verify_BeneficiaryExcelFile_Headers" time="0.064"/>
  <testcase classname="com.TransBnk.TestClass_Payouts.TestClass_Bulk_Payout" name="writeDataToExcel" time="0.352"/>
  <testcase classname="com.TransBnk.TestClass_Payouts.TestClass_Bulk_Payout" name="Verify_Upload_ValidBulkPayoutFile" time="0.557"/>
  <testcase classname="com.TransBnk.TestClass_Payouts.TestClass_Bulk_Payout" name="Veirfy_SelectBankName" time="1.638"/>
  <testcase classname="com.TransBnk.TestClass_Payouts.TestClass_Bulk_Payout" name="Verify_EnterRemarkInField" time="0.789"/>
  <testcase classname="com.TransBnk.TestClass_Payouts.TestClass_Bulk_Payout" name="Verify_ClickOnConfirmButton" time="23.177">
    <error message="no such element: Unable to locate element: {&quot;method&quot;:&quot;xpath&quot;,&quot;selector&quot;:&quot;//tbody[@class=&#039;ng-star-inserted&#039;]//tr[contains(.,&#039;07100143&#039;)]//button[contains(text(), &#039;Success&#039;)]&quot;}
  (Session info: chrome=125.0.6422.142)
For documentation on this error, please visit: https://selenium.dev/exceptions/#no_such_element
Build info: version: &#039;4.6.0&#039;, revision: &#039;79f1c02ae20&#039;
System info: os.name: &#039;Windows 10&#039;, os.arch: &#039;amd64&#039;, os.version: &#039;10.0&#039;, java.version: &#039;21.0.1&#039;
Driver info: org.openqa.selenium.chrome.ChromeDriver
Command: [882e16a8c6fd1b2e3a9a453573cecbf8, findElement {using=xpath, value=//tbody[@class=&#039;ng-star-inserted&#039;]//tr[contains(.,&#039;07100143&#039;)]//button[contains(text(), &#039;Success&#039;)]}]
Capabilities {acceptInsecureCerts: false, browserName: chrome, browserVersion: 125.0.6422.142, chrome: {chromedriverVersion: 125.0.6422.141 (4b1e8393712..., userDataDir: C:\Users\lenovo\AppData\Loc...}, fedcm:accounts: true, goog:chromeOptions: {debuggerAddress: localhost:53910}, networkConnectionEnabled: false, pageLoadStrategy: normal, platformName: WINDOWS, proxy: Proxy(), se:cdp: ws://localhost:53910/devtoo..., se:cdpVersion: 125.0.6422.142, setWindowRect: true, strictFileInteractability: false, timeouts: {implicit: 0, pageLoad: 300000, script: 30000}, unhandledPromptBehavior: dismiss and notify, webauthn:extension:credBlob: true, webauthn:extension:largeBlob: true, webauthn:extension:minPinLength: true, webauthn:extension:prf: true, webauthn:virtualAuthenticators: true}
Session ID: 882e16a8c6fd1b2e3a9a453573cecbf8" type="org.openqa.selenium.NoSuchElementException">
      <![CDATA[org.openqa.selenium.NoSuchElementException: no such element: Unable to locate element: {"method":"xpath","selector":"//tbody[@class='ng-star-inserted']//tr[contains(.,'07100143')]//button[contains(text(), 'Success')]"}
  (Session info: chrome=125.0.6422.142)
For documentation on this error, please visit: https://selenium.dev/exceptions/#no_such_element
Build info: version: '4.6.0', revision: '79f1c02ae20'
System info: os.name: 'Windows 10', os.arch: 'amd64', os.version: '10.0', java.version: '21.0.1'
Driver info: org.openqa.selenium.chrome.ChromeDriver
Command: [882e16a8c6fd1b2e3a9a453573cecbf8, findElement {using=xpath, value=//tbody[@class='ng-star-inserted']//tr[contains(.,'07100143')]//button[contains(text(), 'Success')]}]
Capabilities {acceptInsecureCerts: false, browserName: chrome, browserVersion: 125.0.6422.142, chrome: {chromedriverVersion: 125.0.6422.141 (4b1e8393712..., userDataDir: C:\Users\lenovo\AppData\Loc...}, fedcm:accounts: true, goog:chromeOptions: {debuggerAddress: localhost:53910}, networkConnectionEnabled: false, pageLoadStrategy: normal, platformName: WINDOWS, proxy: Proxy(), se:cdp: ws://localhost:53910/devtoo..., se:cdpVersion: 125.0.6422.142, setWindowRect: true, strictFileInteractability: false, timeouts: {implicit: 0, pageLoad: 300000, script: 30000}, unhandledPromptBehavior: dismiss and notify, webauthn:extension:credBlob: true, webauthn:extension:largeBlob: true, webauthn:extension:minPinLength: true, webauthn:extension:prf: true, webauthn:virtualAuthenticators: true}
Session ID: 882e16a8c6fd1b2e3a9a453573cecbf8
at java.base/jdk.internal.reflect.DirectConstructorHandleAccessor.newInstance(DirectConstructorHandleAccessor.java:62)
at java.base/java.lang.reflect.Constructor.newInstanceWithCaller(Constructor.java:502)
at java.base/java.lang.reflect.Constructor.newInstance(Constructor.java:486)
at org.openqa.selenium.remote.codec.w3c.W3CHttpResponseCodec.createException(W3CHttpResponseCodec.java:200)
at org.openqa.selenium.remote.codec.w3c.W3CHttpResponseCodec.decode(W3CHttpResponseCodec.java:133)
at org.openqa.selenium.remote.codec.w3c.W3CHttpResponseCodec.decode(W3CHttpResponseCodec.java:53)
at org.openqa.selenium.remote.HttpCommandExecutor.execute(HttpCommandExecutor.java:184)
at org.openqa.selenium.remote.service.DriverCommandExecutor.invokeExecute(DriverCommandExecutor.java:167)
at org.openqa.selenium.remote.service.DriverCommandExecutor.execute(DriverCommandExecutor.java:142)
at org.openqa.selenium.remote.RemoteWebDriver.execute(RemoteWebDriver.java:541)
at org.openqa.selenium.remote.ElementLocation$ElementFinder$2.findElement(ElementLocation.java:162)
at org.openqa.selenium.remote.ElementLocation.findElement(ElementLocation.java:60)
at org.openqa.selenium.remote.RemoteWebDriver.findElement(RemoteWebDriver.java:365)
at org.openqa.selenium.remote.RemoteWebDriver.findElement(RemoteWebDriver.java:357)
at com.TransBnk.Payouts.Bulk_Payout.CheckInitiated_Status(Bulk_Payout.java:288)
at com.TransBnk.TestClass_Payouts.TestClass_Bulk_Payout.Verify_ClickOnConfirmButton(TestClass_Bulk_Payout.java:96)
at java.base/jdk.internal.reflect.DirectMethodHandleAccessor.invoke(DirectMethodHandleAccessor.java:103)
at java.base/java.lang.reflect.Method.invoke(Method.java:580)
at org.testng.internal.invokers.MethodInvocationHelper.invokeMethod(MethodInvocationHelper.java:139)
at org.testng.internal.invokers.TestInvoker.invokeMethod(TestInvoker.java:664)
at org.testng.internal.invokers.TestInvoker.invokeTestMethod(TestInvoker.java:227)
at org.testng.internal.invokers.MethodRunner.runInSequence(MethodRunner.java:50)
at org.testng.internal.invokers.TestInvoker$MethodInvocationAgent.invoke(TestInvoker.java:957)
at org.testng.internal.invokers.TestInvoker.invokeTestMethods(TestInvoker.java:200)
at org.testng.internal.invokers.TestMethodWorker.invokeTestMethods(TestMethodWorker.java:148)
at org.testng.internal.invokers.TestMethodWorker.run(TestMethodWorker.java:128)
at java.base/java.util.ArrayList.forEach(ArrayList.java:1596)
at org.testng.TestRunner.privateRun(TestRunner.java:848)
at org.testng.TestRunner.run(TestRunner.java:621)
at org.testng.SuiteRunner.runTest(SuiteRunner.java:443)
at org.testng.SuiteRunner.runSequentially(SuiteRunner.java:437)
at org.testng.SuiteRunner.privateRun(SuiteRunner.java:397)
at org.testng.SuiteRunner.run(SuiteRunner.java:336)
at org.testng.SuiteRunnerWorker.runSuite(SuiteRunnerWorker.java:52)
at org.testng.SuiteRunnerWorker.run(SuiteRunnerWorker.java:95)
at org.testng.TestNG.runSuitesSequentially(TestNG.java:1280)
at org.testng.TestNG.runSuitesLocally(TestNG.java:1200)
at org.testng.TestNG.runSuites(TestNG.java:1114)
at org.testng.TestNG.run(TestNG.java:1082)
at org.testng.remote.AbstractRemoteTestNG.run(AbstractRemoteTestNG.java:115)
at org.testng.remote.RemoteTestNG.initAndRun(RemoteTestNG.java:251)
at org.testng.remote.RemoteTestNG.main(RemoteTestNG.java:77)
]]>
    </error>
  </testcase> <!-- Verify_ClickOnConfirmButton -->
  <testcase classname="com.TransBnk.TestClass_Payouts.TestClass_Bulk_Payout" name="Verify_ClickOn_PayoutsOption_1" time="1.072"/>
  <testcase classname="com.TransBnk.TestClass_Payouts.TestClass_Bulk_Payout" name="Verify_ClickOn_Payout_List" time="0.927"/>
  <testcase classname="com.TransBnk.TestClass_Payouts.TestClass_Bulk_Payout" name="Beneficiary_List" time="21.039"/>
</testsuite> <!-- com.TransBnk.TestClass_Payouts.TestClass_Bulk_Payout -->
