<?xml version="1.0" encoding="UTF-8"?>
<!-- Generated by org.testng.reporters.JUnitReportReporter -->
<testsuite hostname="LT-SAKSHI" failures="0" tests="41" name="com.TransBnk.TestClass_Deals.TestClass_NegativeScenarios" time="6.018" errors="2" timestamp="2024-06-14T10:01:21 IST" skipped="39">
  <testcase classname="com.TransBnk.TestClass_Deals.TestClass_NegativeScenarios" name="captureScreenshot" time="0.002">
    <error message="invalid session id
Build info: version: &#039;4.6.0&#039;, revision: &#039;79f1c02ae20&#039;
System info: os.name: &#039;Windows 10&#039;, os.arch: &#039;amd64&#039;, os.version: &#039;10.0&#039;, java.version: &#039;21.0.1&#039;
Driver info: org.openqa.selenium.chrome.ChromeDriver
Command: [df91946ffc95a75b1792fa783079d431, screenshot {}]
Capabilities {acceptInsecureCerts: false, browserName: chrome-headless-shell, browserVersion: 125.0.6422.142, chrome: {chromedriverVersion: 125.0.6422.141 (4b1e8393712..., userDataDir: C:\Users\lenovo\AppData\Loc...}, fedcm:accounts: true, goog:chromeOptions: {debuggerAddress: localhost:51207}, networkConnectionEnabled: false, pageLoadStrategy: normal, platformName: WINDOWS, proxy: Proxy(), se:cdp: ws://localhost:51207/devtoo..., se:cdpVersion: 125.0.6422.142, setWindowRect: true, strictFileInteractability: false, timeouts: {implicit: 0, pageLoad: 300000, script: 30000}, unhandledPromptBehavior: dismiss and notify, webauthn:extension:credBlob: true, webauthn:extension:largeBlob: true, webauthn:extension:minPinLength: true, webauthn:extension:prf: true, webauthn:virtualAuthenticators: true}
Session ID: df91946ffc95a75b1792fa783079d431" type="org.openqa.selenium.NoSuchSessionException">
      <![CDATA[org.openqa.selenium.NoSuchSessionException: invalid session id
Build info: version: '4.6.0', revision: '79f1c02ae20'
System info: os.name: 'Windows 10', os.arch: 'amd64', os.version: '10.0', java.version: '21.0.1'
Driver info: org.openqa.selenium.chrome.ChromeDriver
Command: [df91946ffc95a75b1792fa783079d431, screenshot {}]
Capabilities {acceptInsecureCerts: false, browserName: chrome-headless-shell, browserVersion: 125.0.6422.142, chrome: {chromedriverVersion: 125.0.6422.141 (4b1e8393712..., userDataDir: C:\Users\lenovo\AppData\Loc...}, fedcm:accounts: true, goog:chromeOptions: {debuggerAddress: localhost:51207}, networkConnectionEnabled: false, pageLoadStrategy: normal, platformName: WINDOWS, proxy: Proxy(), se:cdp: ws://localhost:51207/devtoo..., se:cdpVersion: 125.0.6422.142, setWindowRect: true, strictFileInteractability: false, timeouts: {implicit: 0, pageLoad: 300000, script: 30000}, unhandledPromptBehavior: dismiss and notify, webauthn:extension:credBlob: true, webauthn:extension:largeBlob: true, webauthn:extension:minPinLength: true, webauthn:extension:prf: true, webauthn:virtualAuthenticators: true}
Session ID: df91946ffc95a75b1792fa783079d431
at java.base/jdk.internal.reflect.DirectConstructorHandleAccessor.newInstance(DirectConstructorHandleAccessor.java:62)
at java.base/java.lang.reflect.Constructor.newInstanceWithCaller(Constructor.java:502)
at java.base/java.lang.reflect.Constructor.newInstance(Constructor.java:486)
at org.openqa.selenium.remote.codec.w3c.W3CHttpResponseCodec.createException(W3CHttpResponseCodec.java:200)
at org.openqa.selenium.remote.codec.w3c.W3CHttpResponseCodec.decode(W3CHttpResponseCodec.java:133)
at org.openqa.selenium.remote.codec.w3c.W3CHttpResponseCodec.decode(W3CHttpResponseCodec.java:53)
at org.openqa.selenium.remote.HttpCommandExecutor.execute(HttpCommandExecutor.java:184)
at org.openqa.selenium.remote.service.DriverCommandExecutor.invokeExecute(DriverCommandExecutor.java:167)
at org.openqa.selenium.remote.service.DriverCommandExecutor.execute(DriverCommandExecutor.java:142)
at org.openqa.selenium.remote.RemoteWebDriver.execute(RemoteWebDriver.java:541)
at org.openqa.selenium.remote.RemoteWebDriver.execute(RemoteWebDriver.java:596)
at org.openqa.selenium.remote.RemoteWebDriver.execute(RemoteWebDriver.java:600)
at org.openqa.selenium.remote.RemoteWebDriver.getScreenshotAs(RemoteWebDriver.java:331)
at com.TransBnk.Library.UtilityClass.captureScreenshot(UtilityClass.java:137)
at com.TransBnk.testutility.BaseTest.captureScreenshot(BaseTest.java:107)
at java.base/jdk.internal.reflect.DirectMethodHandleAccessor.invoke(DirectMethodHandleAccessor.java:103)
at java.base/java.lang.reflect.Method.invoke(Method.java:580)
at org.testng.internal.invokers.MethodInvocationHelper.invokeMethod(MethodInvocationHelper.java:139)
at org.testng.internal.invokers.MethodInvocationHelper.invokeMethodConsideringTimeout(MethodInvocationHelper.java:69)
at org.testng.internal.invokers.ConfigInvoker.invokeConfigurationMethod(ConfigInvoker.java:390)
at org.testng.internal.invokers.ConfigInvoker.invokeConfigurations(ConfigInvoker.java:325)
at org.testng.internal.invokers.TestInvoker.runConfigMethods(TestInvoker.java:810)
at org.testng.internal.invokers.TestInvoker.runAfterConfigurations(TestInvoker.java:779)
at org.testng.internal.invokers.TestInvoker.invokeMethod(TestInvoker.java:755)
at org.testng.internal.invokers.TestInvoker.invokeTestMethod(TestInvoker.java:227)
at org.testng.internal.invokers.MethodRunner.runInSequence(MethodRunner.java:50)
at org.testng.internal.invokers.TestInvoker$MethodInvocationAgent.invoke(TestInvoker.java:957)
at org.testng.internal.invokers.TestInvoker.invokeTestMethods(TestInvoker.java:200)
at org.testng.internal.invokers.TestMethodWorker.invokeTestMethods(TestMethodWorker.java:148)
at org.testng.internal.invokers.TestMethodWorker.run(TestMethodWorker.java:128)
at java.base/java.util.ArrayList.forEach(ArrayList.java:1596)
at org.testng.TestRunner.privateRun(TestRunner.java:848)
at org.testng.TestRunner.run(TestRunner.java:621)
at org.testng.SuiteRunner.runTest(SuiteRunner.java:443)
at org.testng.SuiteRunner.runSequentially(SuiteRunner.java:437)
at org.testng.SuiteRunner.privateRun(SuiteRunner.java:397)
at org.testng.SuiteRunner.run(SuiteRunner.java:336)
at org.testng.SuiteRunnerWorker.runSuite(SuiteRunnerWorker.java:52)
at org.testng.SuiteRunnerWorker.run(SuiteRunnerWorker.java:95)
at org.testng.TestNG.runSuitesSequentially(TestNG.java:1280)
at org.testng.TestNG.runSuitesLocally(TestNG.java:1200)
at org.testng.TestNG.runSuites(TestNG.java:1114)
at org.testng.TestNG.run(TestNG.java:1082)
at org.testng.remote.AbstractRemoteTestNG.run(AbstractRemoteTestNG.java:115)
at org.testng.remote.RemoteTestNG.initAndRun(RemoteTestNG.java:251)
at org.testng.remote.RemoteTestNG.main(RemoteTestNG.java:77)
]]>
    </error>
  </testcase> <!-- captureScreenshot -->
  <testcase classname="com.TransBnk.TestClass_Deals.TestClass_NegativeScenarios" name="Verify_Select_Entity" time="6.015">
    <error message="invalid session id
Build info: version: &#039;4.6.0&#039;, revision: &#039;79f1c02ae20&#039;
System info: os.name: &#039;Windows 10&#039;, os.arch: &#039;amd64&#039;, os.version: &#039;10.0&#039;, java.version: &#039;21.0.1&#039;
Driver info: org.openqa.selenium.chrome.ChromeDriver
Command: [df91946ffc95a75b1792fa783079d431, findElement {using=xpath, value=(//a[@id=&quot;dropdownMenuLink&quot;])[1]}]
Capabilities {acceptInsecureCerts: false, browserName: chrome-headless-shell, browserVersion: 125.0.6422.142, chrome: {chromedriverVersion: 125.0.6422.141 (4b1e8393712..., userDataDir: C:\Users\lenovo\AppData\Loc...}, fedcm:accounts: true, goog:chromeOptions: {debuggerAddress: localhost:51207}, networkConnectionEnabled: false, pageLoadStrategy: normal, platformName: WINDOWS, proxy: Proxy(), se:cdp: ws://localhost:51207/devtoo..., se:cdpVersion: 125.0.6422.142, setWindowRect: true, strictFileInteractability: false, timeouts: {implicit: 0, pageLoad: 300000, script: 30000}, unhandledPromptBehavior: dismiss and notify, webauthn:extension:credBlob: true, webauthn:extension:largeBlob: true, webauthn:extension:minPinLength: true, webauthn:extension:prf: true, webauthn:virtualAuthenticators: true}
Session ID: df91946ffc95a75b1792fa783079d431" type="org.openqa.selenium.NoSuchSessionException">
      <![CDATA[org.openqa.selenium.NoSuchSessionException: invalid session id
Build info: version: '4.6.0', revision: '79f1c02ae20'
System info: os.name: 'Windows 10', os.arch: 'amd64', os.version: '10.0', java.version: '21.0.1'
Driver info: org.openqa.selenium.chrome.ChromeDriver
Command: [df91946ffc95a75b1792fa783079d431, findElement {using=xpath, value=(//a[@id="dropdownMenuLink"])[1]}]
Capabilities {acceptInsecureCerts: false, browserName: chrome-headless-shell, browserVersion: 125.0.6422.142, chrome: {chromedriverVersion: 125.0.6422.141 (4b1e8393712..., userDataDir: C:\Users\lenovo\AppData\Loc...}, fedcm:accounts: true, goog:chromeOptions: {debuggerAddress: localhost:51207}, networkConnectionEnabled: false, pageLoadStrategy: normal, platformName: WINDOWS, proxy: Proxy(), se:cdp: ws://localhost:51207/devtoo..., se:cdpVersion: 125.0.6422.142, setWindowRect: true, strictFileInteractability: false, timeouts: {implicit: 0, pageLoad: 300000, script: 30000}, unhandledPromptBehavior: dismiss and notify, webauthn:extension:credBlob: true, webauthn:extension:largeBlob: true, webauthn:extension:minPinLength: true, webauthn:extension:prf: true, webauthn:virtualAuthenticators: true}
Session ID: df91946ffc95a75b1792fa783079d431
at java.base/jdk.internal.reflect.DirectConstructorHandleAccessor.newInstance(DirectConstructorHandleAccessor.java:62)
at java.base/java.lang.reflect.Constructor.newInstanceWithCaller(Constructor.java:502)
at java.base/java.lang.reflect.Constructor.newInstance(Constructor.java:486)
at org.openqa.selenium.remote.codec.w3c.W3CHttpResponseCodec.createException(W3CHttpResponseCodec.java:200)
at org.openqa.selenium.remote.codec.w3c.W3CHttpResponseCodec.decode(W3CHttpResponseCodec.java:133)
at org.openqa.selenium.remote.codec.w3c.W3CHttpResponseCodec.decode(W3CHttpResponseCodec.java:53)
at org.openqa.selenium.remote.HttpCommandExecutor.execute(HttpCommandExecutor.java:184)
at org.openqa.selenium.remote.service.DriverCommandExecutor.invokeExecute(DriverCommandExecutor.java:167)
at org.openqa.selenium.remote.service.DriverCommandExecutor.execute(DriverCommandExecutor.java:142)
at org.openqa.selenium.remote.RemoteWebDriver.execute(RemoteWebDriver.java:541)
at org.openqa.selenium.remote.ElementLocation$ElementFinder$2.findElement(ElementLocation.java:162)
at org.openqa.selenium.remote.ElementLocation.findElement(ElementLocation.java:60)
at org.openqa.selenium.remote.RemoteWebDriver.findElement(RemoteWebDriver.java:365)
at org.openqa.selenium.remote.RemoteWebDriver.findElement(RemoteWebDriver.java:357)
at org.openqa.selenium.support.pagefactory.DefaultElementLocator.findElement(DefaultElementLocator.java:70)
at org.openqa.selenium.support.pagefactory.internal.LocatingElementHandler.invoke(LocatingElementHandler.java:39)
at jdk.proxy2/jdk.proxy2.$Proxy25.click(Unknown Source)
at com.TransBnk.Deal.Deal_Without_Template.select_Entity(Deal_Without_Template.java:202)
at com.TransBnk.TestClass_Deals.TestClass_NegativeScenarios.Verify_Select_Entity(TestClass_NegativeScenarios.java:30)
at java.base/jdk.internal.reflect.DirectMethodHandleAccessor.invoke(DirectMethodHandleAccessor.java:103)
at java.base/java.lang.reflect.Method.invoke(Method.java:580)
at org.testng.internal.invokers.MethodInvocationHelper.invokeMethod(MethodInvocationHelper.java:139)
at org.testng.internal.invokers.TestInvoker.invokeMethod(TestInvoker.java:664)
at org.testng.internal.invokers.TestInvoker.invokeTestMethod(TestInvoker.java:227)
at org.testng.internal.invokers.MethodRunner.runInSequence(MethodRunner.java:50)
at org.testng.internal.invokers.TestInvoker$MethodInvocationAgent.invoke(TestInvoker.java:957)
at org.testng.internal.invokers.TestInvoker.invokeTestMethods(TestInvoker.java:200)
at org.testng.internal.invokers.TestMethodWorker.invokeTestMethods(TestMethodWorker.java:148)
at org.testng.internal.invokers.TestMethodWorker.run(TestMethodWorker.java:128)
at java.base/java.util.ArrayList.forEach(ArrayList.java:1596)
at org.testng.TestRunner.privateRun(TestRunner.java:848)
at org.testng.TestRunner.run(TestRunner.java:621)
at org.testng.SuiteRunner.runTest(SuiteRunner.java:443)
at org.testng.SuiteRunner.runSequentially(SuiteRunner.java:437)
at org.testng.SuiteRunner.privateRun(SuiteRunner.java:397)
at org.testng.SuiteRunner.run(SuiteRunner.java:336)
at org.testng.SuiteRunnerWorker.runSuite(SuiteRunnerWorker.java:52)
at org.testng.SuiteRunnerWorker.run(SuiteRunnerWorker.java:95)
at org.testng.TestNG.runSuitesSequentially(TestNG.java:1280)
at org.testng.TestNG.runSuitesLocally(TestNG.java:1200)
at org.testng.TestNG.runSuites(TestNG.java:1114)
at org.testng.TestNG.run(TestNG.java:1082)
at org.testng.remote.AbstractRemoteTestNG.run(AbstractRemoteTestNG.java:115)
at org.testng.remote.RemoteTestNG.initAndRun(RemoteTestNG.java:251)
at org.testng.remote.RemoteTestNG.main(RemoteTestNG.java:77)
]]>
    </error>
  </testcase> <!-- Verify_Select_Entity -->
  <testcase classname="com.TransBnk.TestClass_Deals.TestClass_NegativeScenarios" name="Verify_Select_Product" time="0.000">
    <skipped/>
  </testcase> <!-- Verify_Select_Product -->
  <testcase classname="com.TransBnk.TestClass_Deals.TestClass_NegativeScenarios" name="VerifyClickOnDocuflow" time="0.000">
    <skipped/>
  </testcase> <!-- VerifyClickOnDocuflow -->
  <testcase classname="com.TransBnk.TestClass_Deals.TestClass_NegativeScenarios" name="VerifyClickOnDeals" time="0.000">
    <skipped/>
  </testcase> <!-- VerifyClickOnDeals -->
  <testcase classname="com.TransBnk.TestClass_Deals.TestClass_NegativeScenarios" name="Verify_EnterNumberOfParties" time="0.000">
    <skipped/>
  </testcase> <!-- Verify_EnterNumberOfParties -->
  <testcase classname="com.TransBnk.TestClass_Deals.TestClass_NegativeScenarios" name="AddCustomSignatories_party1" time="0.000">
    <skipped/>
  </testcase> <!-- AddCustomSignatories_party1 -->
  <testcase classname="com.TransBnk.TestClass_Deals.TestClass_NegativeScenarios" name="ClickOnSelectPredefinedSignatoriesOption" time="0.000">
    <skipped/>
  </testcase> <!-- ClickOnSelectPredefinedSignatoriesOption -->
  <testcase classname="com.TransBnk.TestClass_Deals.TestClass_NegativeScenarios" name="SelectPredefinedSignatoriesFromDropdown" time="0.000">
    <skipped/>
  </testcase> <!-- SelectPredefinedSignatoriesFromDropdown -->
  <testcase classname="com.TransBnk.TestClass_Deals.TestClass_NegativeScenarios" name="ClickOnConfirmButton" time="0.000">
    <skipped/>
  </testcase> <!-- ClickOnConfirmButton -->
  <testcase classname="com.TransBnk.TestClass_Deals.TestClass_NegativeScenarios" name="ClickOnDropDown_Party2" time="0.000">
    <skipped/>
  </testcase> <!-- ClickOnDropDown_Party2 -->
  <testcase classname="com.TransBnk.TestClass_Deals.TestClass_NegativeScenarios" name="AddCustomSignatories_Party2" time="0.000">
    <skipped/>
  </testcase> <!-- AddCustomSignatories_Party2 -->
  <testcase classname="com.TransBnk.TestClass_Deals.TestClass_NegativeScenarios" name="Verify_EmptyFieldValidation_CustomeSignatories" time="0.000">
    <skipped/>
  </testcase> <!-- Verify_EmptyFieldValidation_CustomeSignatories -->
  <testcase classname="com.TransBnk.TestClass_Deals.TestClass_NegativeScenarios" name="VerifyInvalidInputs_fieldValidation_CustomeSignatories" time="0.000">
    <skipped/>
  </testcase> <!-- VerifyInvalidInputs_fieldValidation_CustomeSignatories -->
  <testcase classname="com.TransBnk.TestClass_Deals.TestClass_NegativeScenarios" name="ClickOnAddCustomSignatories_Party2" time="0.000">
    <skipped/>
  </testcase> <!-- ClickOnAddCustomSignatories_Party2 -->
  <testcase classname="com.TransBnk.TestClass_Deals.TestClass_NegativeScenarios" name="EnterValidDetails_CustomSignatories_Party2" time="0.000">
    <skipped/>
  </testcase> <!-- EnterValidDetails_CustomSignatories_Party2 -->
  <testcase classname="com.TransBnk.TestClass_Deals.TestClass_NegativeScenarios" name="Verify_AddCustomSignatories_party3" time="0.000">
    <skipped/>
  </testcase> <!-- Verify_AddCustomSignatories_party3 -->
  <testcase classname="com.TransBnk.TestClass_Deals.TestClass_NegativeScenarios" name="Verify_EditParty_01_Details" time="0.000">
    <skipped/>
  </testcase> <!-- Verify_EditParty_01_Details -->
  <testcase classname="com.TransBnk.TestClass_Deals.TestClass_NegativeScenarios" name="Verify_EditParty_02_Details" time="0.000">
    <skipped/>
  </testcase> <!-- Verify_EditParty_02_Details -->
  <testcase classname="com.TransBnk.TestClass_Deals.TestClass_NegativeScenarios" name="Verify_EditParty_03_Details" time="0.000">
    <skipped/>
  </testcase> <!-- Verify_EditParty_03_Details -->
  <testcase classname="com.TransBnk.TestClass_Deals.TestClass_NegativeScenarios" name="Verify_Delete_Party01_Details" time="0.000">
    <skipped/>
  </testcase> <!-- Verify_Delete_Party01_Details -->
  <testcase classname="com.TransBnk.TestClass_Deals.TestClass_NegativeScenarios" name="Verify_Delete_Party02_Details" time="0.000">
    <skipped/>
  </testcase> <!-- Verify_Delete_Party02_Details -->
  <testcase classname="com.TransBnk.TestClass_Deals.TestClass_NegativeScenarios" name="Verify_Delete_Party03_Details" time="0.000">
    <skipped/>
  </testcase> <!-- Verify_Delete_Party03_Details -->
  <testcase classname="com.TransBnk.TestClass_Deals.TestClass_NegativeScenarios" name="Verify_EnterNumberOfParties_" time="0.000">
    <skipped/>
  </testcase> <!-- Verify_EnterNumberOfParties_ -->
  <testcase classname="com.TransBnk.TestClass_Deals.TestClass_NegativeScenarios" name="AddCustomSignatories_party1_" time="0.000">
    <skipped/>
  </testcase> <!-- AddCustomSignatories_party1_ -->
  <testcase classname="com.TransBnk.TestClass_Deals.TestClass_NegativeScenarios" name="ClickOnSelectPredefinedSignatoriesOption_" time="0.000">
    <skipped/>
  </testcase> <!-- ClickOnSelectPredefinedSignatoriesOption_ -->
  <testcase classname="com.TransBnk.TestClass_Deals.TestClass_NegativeScenarios" name="SelectPredefinedSignatoriesFromDropdown_" time="0.000">
    <skipped/>
  </testcase> <!-- SelectPredefinedSignatoriesFromDropdown_ -->
  <testcase classname="com.TransBnk.TestClass_Deals.TestClass_NegativeScenarios" name="ClickOnConfirmButton_" time="0.000">
    <skipped/>
  </testcase> <!-- ClickOnConfirmButton_ -->
  <testcase classname="com.TransBnk.TestClass_Deals.TestClass_NegativeScenarios" name="ClickOnDropDown_Party2_" time="0.000">
    <skipped/>
  </testcase> <!-- ClickOnDropDown_Party2_ -->
  <testcase classname="com.TransBnk.TestClass_Deals.TestClass_NegativeScenarios" name="AddCustomSignatories_Party2_" time="0.000">
    <skipped/>
  </testcase> <!-- AddCustomSignatories_Party2_ -->
  <testcase classname="com.TransBnk.TestClass_Deals.TestClass_NegativeScenarios" name="Verify_EmptyFieldValidation_CustomeSignatories_" time="0.000">
    <skipped/>
  </testcase> <!-- Verify_EmptyFieldValidation_CustomeSignatories_ -->
  <testcase classname="com.TransBnk.TestClass_Deals.TestClass_NegativeScenarios" name="VerifyInvalidInputs_fieldValidation_CustomeSignatories_" time="0.000">
    <skipped/>
  </testcase> <!-- VerifyInvalidInputs_fieldValidation_CustomeSignatories_ -->
  <testcase classname="com.TransBnk.TestClass_Deals.TestClass_NegativeScenarios" name="ClickOnAddCustomSignatories_Party2_" time="0.000">
    <skipped/>
  </testcase> <!-- ClickOnAddCustomSignatories_Party2_ -->
  <testcase classname="com.TransBnk.TestClass_Deals.TestClass_NegativeScenarios" name="EnterValidDetails_CustomSignatories_Party2_" time="0.001">
    <skipped/>
  </testcase> <!-- EnterValidDetails_CustomSignatories_Party2_ -->
  <testcase classname="com.TransBnk.TestClass_Deals.TestClass_NegativeScenarios" name="Verify_MultipleSIgnatoriesFlow" time="0.000">
    <skipped/>
  </testcase> <!-- Verify_MultipleSIgnatoriesFlow -->
  <testcase classname="com.TransBnk.TestClass_Deals.TestClass_NegativeScenarios" name="Verify_AddCustomSignatories_party3_" time="0.000">
    <skipped/>
  </testcase> <!-- Verify_AddCustomSignatories_party3_ -->
  <testcase classname="com.TransBnk.TestClass_Deals.TestClass_NegativeScenarios" name="Verify_performActionsBasedOnDealRefID" time="0.000">
    <skipped/>
  </testcase> <!-- Verify_performActionsBasedOnDealRefID -->
  <testcase classname="com.TransBnk.TestClass_Deals.TestClass_NegativeScenarios" name="VerifyErrorValidationMsg_ForAddingMultipleSignatoires" time="0.000">
    <skipped/>
  </testcase> <!-- VerifyErrorValidationMsg_ForAddingMultipleSignatoires -->
  <testcase classname="com.TransBnk.TestClass_Deals.TestClass_NegativeScenarios" name="Verify_CancelAgreement" time="0.000">
    <skipped/>
  </testcase> <!-- Verify_CancelAgreement -->
  <testcase classname="com.TransBnk.TestClass_Deals.TestClass_NegativeScenarios" name="Verify_DealStatus_AfterCancelAgreement" time="0.000">
    <skipped/>
  </testcase> <!-- Verify_DealStatus_AfterCancelAgreement -->
  <testcase classname="com.TransBnk.TestClass_Deals.TestClass_NegativeScenarios" name="Verify_AgreementStatus_AfterCancelAgreement" time="0.000">
    <skipped/>
  </testcase> <!-- Verify_AgreementStatus_AfterCancelAgreement -->
</testsuite> <!-- com.TransBnk.TestClass_Deals.TestClass_NegativeScenarios -->
