<?xml version="1.0" encoding="UTF-8"?>
<!-- Generated by org.testng.reporters.JUnitReportReporter -->
<testsuite hostname="DESKTOP-6PMNGS4" failures="0" tests="23" name="com.TransBnk.TestClass.TestClass_AutoSign_MakerChekerFlow_forDifferentEntity" time="176.796" errors="1" timestamp="2024-02-08T09:51:06 IST" skipped="0">
  <testcase classname="com.TransBnk.TestClass.TestClass_AutoSign_MakerChekerFlow_forDifferentEntity" name="Verify_Select_Entity" time="6.760"/>
  <testcase classname="com.TransBnk.TestClass.TestClass_AutoSign_MakerChekerFlow_forDifferentEntity" name="Verify_Select_Product" time="4.332"/>
  <testcase classname="com.TransBnk.TestClass.TestClass_AutoSign_MakerChekerFlow_forDifferentEntity" name="VerifyClickOnDocuflow" time="2.092"/>
  <testcase classname="com.TransBnk.TestClass.TestClass_AutoSign_MakerChekerFlow_forDifferentEntity" name="VerifyClickOnDeals" time="0.707"/>
  <testcase classname="com.TransBnk.TestClass.TestClass_AutoSign_MakerChekerFlow_forDifferentEntity" name="ClickOn_Create_button" time="3.131"/>
  <testcase classname="com.TransBnk.TestClass.TestClass_AutoSign_MakerChekerFlow_forDifferentEntity" name="Verify_Deal_creation_page" time="16.219"/>
  <testcase classname="com.TransBnk.TestClass.TestClass_AutoSign_MakerChekerFlow_forDifferentEntity" name="Verify_EnterNumberOfParties" time="26.433"/>
  <testcase classname="com.TransBnk.TestClass.TestClass_AutoSign_MakerChekerFlow_forDifferentEntity" name="Verify_autoSign_forParty1" time="30.177">
    <error message="no such element: Unable to locate element: {&quot;method&quot;:&quot;xpath&quot;,&quot;selector&quot;:&quot;//h6[text()=&#039;Party Signatories&#039;]&quot;}
  (Session info: chrome=121.0.6167.140)
For documentation on this error, please visit: https://selenium.dev/exceptions/#no_such_element
Build info: version: &#039;4.8.3&#039;, revision: &#039;e5e76298c3&#039;
System info: os.name: &#039;Windows 10&#039;, os.arch: &#039;amd64&#039;, os.version: &#039;10.0&#039;, java.version: &#039;21.0.1&#039;
Driver info: org.openqa.selenium.chrome.ChromeDriver
Command: [5287ab72ad986100fadb64a31812f3e1, findElement {using=xpath, value=//h6[text()=&#039;Party Signatories&#039;]}]
Capabilities {acceptInsecureCerts: false, browserName: chrome, browserVersion: 121.0.6167.140, chrome: {chromedriverVersion: 121.0.6167.85 (3f98d690ad7e..., userDataDir: C:\Users\lenovo\AppData\Loc...}, fedcm:accounts: true, goog:chromeOptions: {debuggerAddress: localhost:50123}, networkConnectionEnabled: false, pageLoadStrategy: normal, platformName: WINDOWS, proxy: Proxy(), se:cdp: ws://localhost:50123/devtoo..., se:cdpVersion: 121.0.6167.140, setWindowRect: true, strictFileInteractability: false, timeouts: {implicit: 0, pageLoad: 300000, script: 30000}, unhandledPromptBehavior: dismiss and notify, webauthn:extension:credBlob: true, webauthn:extension:largeBlob: true, webauthn:extension:minPinLength: true, webauthn:extension:prf: true, webauthn:virtualAuthenticators: true}
Session ID: 5287ab72ad986100fadb64a31812f3e1" type="org.openqa.selenium.NoSuchElementException">
      <![CDATA[org.openqa.selenium.NoSuchElementException: no such element: Unable to locate element: {"method":"xpath","selector":"//h6[text()='Party Signatories']"}
  (Session info: chrome=121.0.6167.140)
For documentation on this error, please visit: https://selenium.dev/exceptions/#no_such_element
Build info: version: '4.8.3', revision: 'e5e76298c3'
System info: os.name: 'Windows 10', os.arch: 'amd64', os.version: '10.0', java.version: '21.0.1'
Driver info: org.openqa.selenium.chrome.ChromeDriver
Command: [5287ab72ad986100fadb64a31812f3e1, findElement {using=xpath, value=//h6[text()='Party Signatories']}]
Capabilities {acceptInsecureCerts: false, browserName: chrome, browserVersion: 121.0.6167.140, chrome: {chromedriverVersion: 121.0.6167.85 (3f98d690ad7e..., userDataDir: C:\Users\lenovo\AppData\Loc...}, fedcm:accounts: true, goog:chromeOptions: {debuggerAddress: localhost:50123}, networkConnectionEnabled: false, pageLoadStrategy: normal, platformName: WINDOWS, proxy: Proxy(), se:cdp: ws://localhost:50123/devtoo..., se:cdpVersion: 121.0.6167.140, setWindowRect: true, strictFileInteractability: false, timeouts: {implicit: 0, pageLoad: 300000, script: 30000}, unhandledPromptBehavior: dismiss and notify, webauthn:extension:credBlob: true, webauthn:extension:largeBlob: true, webauthn:extension:minPinLength: true, webauthn:extension:prf: true, webauthn:virtualAuthenticators: true}
Session ID: 5287ab72ad986100fadb64a31812f3e1
at java.base/jdk.internal.reflect.DirectConstructorHandleAccessor.newInstance(DirectConstructorHandleAccessor.java:62)
at java.base/java.lang.reflect.Constructor.newInstanceWithCaller(Constructor.java:502)
at java.base/java.lang.reflect.Constructor.newInstance(Constructor.java:486)
at org.openqa.selenium.remote.codec.w3c.W3CHttpResponseCodec.createException(W3CHttpResponseCodec.java:200)
at org.openqa.selenium.remote.codec.w3c.W3CHttpResponseCodec.decode(W3CHttpResponseCodec.java:133)
at org.openqa.selenium.remote.codec.w3c.W3CHttpResponseCodec.decode(W3CHttpResponseCodec.java:53)
at org.openqa.selenium.remote.HttpCommandExecutor.execute(HttpCommandExecutor.java:193)
at org.openqa.selenium.remote.service.DriverCommandExecutor.invokeExecute(DriverCommandExecutor.java:183)
at org.openqa.selenium.remote.service.DriverCommandExecutor.execute(DriverCommandExecutor.java:158)
at org.openqa.selenium.remote.RemoteWebDriver.execute(RemoteWebDriver.java:543)
at org.openqa.selenium.remote.ElementLocation$ElementFinder$2.findElement(ElementLocation.java:162)
at org.openqa.selenium.remote.ElementLocation.findElement(ElementLocation.java:60)
at org.openqa.selenium.remote.RemoteWebDriver.findElement(RemoteWebDriver.java:352)
at org.openqa.selenium.remote.RemoteWebDriver.findElement(RemoteWebDriver.java:344)
at org.openqa.selenium.support.pagefactory.DefaultElementLocator.findElement(DefaultElementLocator.java:70)
at org.openqa.selenium.support.pagefactory.internal.LocatingElementHandler.invoke(LocatingElementHandler.java:39)
at jdk.proxy2/jdk.proxy2.$Proxy24.isDisplayed(Unknown Source)
at com.TransBnk.Deal.AutoSign_Signatories_DealWithout_Template.Check_AutoSign_PartySignatoires(AutoSign_Signatories_DealWithout_Template.java:65)
at com.TransBnk.TestClass.TestClass_AutoSign_MakerChekerFlow_forDifferentEntity.Verify_autoSign_forParty1(TestClass_AutoSign_MakerChekerFlow_forDifferentEntity.java:73)
at java.base/jdk.internal.reflect.DirectMethodHandleAccessor.invoke(DirectMethodHandleAccessor.java:103)
at java.base/java.lang.reflect.Method.invoke(Method.java:580)
at org.testng.internal.invokers.MethodInvocationHelper.invokeMethod(MethodInvocationHelper.java:139)
at org.testng.internal.invokers.TestInvoker.invokeMethod(TestInvoker.java:664)
at org.testng.internal.invokers.TestInvoker.invokeTestMethod(TestInvoker.java:227)
at org.testng.internal.invokers.MethodRunner.runInSequence(MethodRunner.java:50)
at org.testng.internal.invokers.TestInvoker$MethodInvocationAgent.invoke(TestInvoker.java:957)
at org.testng.internal.invokers.TestInvoker.invokeTestMethods(TestInvoker.java:200)
at org.testng.internal.invokers.TestMethodWorker.invokeTestMethods(TestMethodWorker.java:148)
at org.testng.internal.invokers.TestMethodWorker.run(TestMethodWorker.java:128)
at java.base/java.util.ArrayList.forEach(ArrayList.java:1596)
at org.testng.TestRunner.privateRun(TestRunner.java:848)
at org.testng.TestRunner.run(TestRunner.java:621)
at org.testng.SuiteRunner.runTest(SuiteRunner.java:443)
at org.testng.SuiteRunner.runSequentially(SuiteRunner.java:437)
at org.testng.SuiteRunner.privateRun(SuiteRunner.java:397)
at org.testng.SuiteRunner.run(SuiteRunner.java:336)
at org.testng.SuiteRunnerWorker.runSuite(SuiteRunnerWorker.java:52)
at org.testng.SuiteRunnerWorker.run(SuiteRunnerWorker.java:95)
at org.testng.TestNG.runSuitesSequentially(TestNG.java:1280)
at org.testng.TestNG.runSuitesLocally(TestNG.java:1200)
at org.testng.TestNG.runSuites(TestNG.java:1114)
at org.testng.TestNG.run(TestNG.java:1082)
at org.testng.remote.AbstractRemoteTestNG.run(AbstractRemoteTestNG.java:115)
at org.testng.remote.RemoteTestNG.initAndRun(RemoteTestNG.java:251)
at org.testng.remote.RemoteTestNG.main(RemoteTestNG.java:77)
]]>
    </error>
  </testcase> <!-- Verify_autoSign_forParty1 -->
  <testcase classname="com.TransBnk.TestClass.TestClass_AutoSign_MakerChekerFlow_forDifferentEntity" name="Verify_CustomeSignatoriesFor_autoSignatoriesParty" time="8.425"/>
  <testcase classname="com.TransBnk.TestClass.TestClass_AutoSign_MakerChekerFlow_forDifferentEntity" name="ClickOnDropDown_Party2" time="4.161"/>
  <testcase classname="com.TransBnk.TestClass.TestClass_AutoSign_MakerChekerFlow_forDifferentEntity" name="AddCustomSignatories_Party2" time="5.500"/>
  <testcase classname="com.TransBnk.TestClass.TestClass_AutoSign_MakerChekerFlow_forDifferentEntity" name="Verify_EmptyFieldValidation_CustomeSignatories" time="0.504"/>
  <testcase classname="com.TransBnk.TestClass.TestClass_AutoSign_MakerChekerFlow_forDifferentEntity" name="VerifyInvalidInputs_fieldValidation_CustomeSignatories" time="1.404"/>
  <testcase classname="com.TransBnk.TestClass.TestClass_AutoSign_MakerChekerFlow_forDifferentEntity" name="ClickOnAddCustomSignatories_Party2" time="5.530"/>
  <testcase classname="com.TransBnk.TestClass.TestClass_AutoSign_MakerChekerFlow_forDifferentEntity" name="EnterValidDetails_CustomSignatories_Party2" time="7.053"/>
  <testcase classname="com.TransBnk.TestClass.TestClass_AutoSign_MakerChekerFlow_forDifferentEntity" name="Verify_AddCustomSignatories_party3" time="28.144"/>
  <testcase classname="com.TransBnk.TestClass.TestClass_AutoSign_MakerChekerFlow_forDifferentEntity" name="Verify_performActionsBasedOnDealRefID" time="4.493"/>
  <testcase classname="com.TransBnk.TestClass.TestClass_AutoSign_MakerChekerFlow_forDifferentEntity" name="Verify_ClickOnSubmitForVerificationButton" time="4.154"/>
  <testcase classname="com.TransBnk.TestClass.TestClass_AutoSign_MakerChekerFlow_forDifferentEntity" name="Select_Entity_forDiffMakerCheker" time="7.404"/>
  <testcase classname="com.TransBnk.TestClass.TestClass_AutoSign_MakerChekerFlow_forDifferentEntity" name="ClickOnDocuflowOption" time="2.118"/>
  <testcase classname="com.TransBnk.TestClass.TestClass_AutoSign_MakerChekerFlow_forDifferentEntity" name="ClickOn_DealVerificationOption" time="0.847"/>
  <testcase classname="com.TransBnk.TestClass.TestClass_AutoSign_MakerChekerFlow_forDifferentEntity" name="PerformActionBasedOnDealID_ForDeal_Verification" time="4.287"/>
  <testcase classname="com.TransBnk.TestClass.TestClass_AutoSign_MakerChekerFlow_forDifferentEntity" name="ClickOnSendForExecutionButton" time="2.921"/>
</testsuite> <!-- com.TransBnk.TestClass.TestClass_AutoSign_MakerChekerFlow_forDifferentEntity -->
