<?xml version="1.0" encoding="UTF-8"?>
<!-- Generated by org.testng.reporters.JUnitReportReporter -->
<testsuite hostname="DESKTOP-6PMNGS4" failures="0" tests="26" name="com.TransBnk.TestClass.TestClass_MakerCheckerFlow_ForDifferentEntity" time="30.544" errors="2" timestamp="2024-02-07T13:18:45 IST" skipped="19">
  <testcase classname="com.TransBnk.TestClass.TestClass_MakerCheckerFlow_ForDifferentEntity" name="captureScreenshot" time="0.014">
    <error message="no such window: target window already closed
from unknown error: web view not found
  (Session info: chrome=121.0.6167.140)
Build info: version: &#039;4.8.3&#039;, revision: &#039;e5e76298c3&#039;
System info: os.name: &#039;Windows 10&#039;, os.arch: &#039;amd64&#039;, os.version: &#039;10.0&#039;, java.version: &#039;21.0.1&#039;
Driver info: org.openqa.selenium.chrome.ChromeDriver
Command: [ef8dc493a7075e07a890ca2da4d41533, screenshot {}]
Capabilities {acceptInsecureCerts: false, browserName: chrome, browserVersion: 121.0.6167.140, chrome: {chromedriverVersion: 121.0.6167.85 (3f98d690ad7e..., userDataDir: C:\Users\lenovo\AppData\Loc...}, fedcm:accounts: true, goog:chromeOptions: {debuggerAddress: localhost:65108}, networkConnectionEnabled: false, pageLoadStrategy: normal, platformName: WINDOWS, proxy: Proxy(), se:cdp: ws://localhost:65108/devtoo..., se:cdpVersion: 121.0.6167.140, setWindowRect: true, strictFileInteractability: false, timeouts: {implicit: 0, pageLoad: 300000, script: 30000}, unhandledPromptBehavior: dismiss and notify, webauthn:extension:credBlob: true, webauthn:extension:largeBlob: true, webauthn:extension:minPinLength: true, webauthn:extension:prf: true, webauthn:virtualAuthenticators: true}
Session ID: ef8dc493a7075e07a890ca2da4d41533" type="org.openqa.selenium.NoSuchWindowException">
      <![CDATA[org.openqa.selenium.NoSuchWindowException: no such window: target window already closed
from unknown error: web view not found
  (Session info: chrome=121.0.6167.140)
Build info: version: '4.8.3', revision: 'e5e76298c3'
System info: os.name: 'Windows 10', os.arch: 'amd64', os.version: '10.0', java.version: '21.0.1'
Driver info: org.openqa.selenium.chrome.ChromeDriver
Command: [ef8dc493a7075e07a890ca2da4d41533, screenshot {}]
Capabilities {acceptInsecureCerts: false, browserName: chrome, browserVersion: 121.0.6167.140, chrome: {chromedriverVersion: 121.0.6167.85 (3f98d690ad7e..., userDataDir: C:\Users\lenovo\AppData\Loc...}, fedcm:accounts: true, goog:chromeOptions: {debuggerAddress: localhost:65108}, networkConnectionEnabled: false, pageLoadStrategy: normal, platformName: WINDOWS, proxy: Proxy(), se:cdp: ws://localhost:65108/devtoo..., se:cdpVersion: 121.0.6167.140, setWindowRect: true, strictFileInteractability: false, timeouts: {implicit: 0, pageLoad: 300000, script: 30000}, unhandledPromptBehavior: dismiss and notify, webauthn:extension:credBlob: true, webauthn:extension:largeBlob: true, webauthn:extension:minPinLength: true, webauthn:extension:prf: true, webauthn:virtualAuthenticators: true}
Session ID: ef8dc493a7075e07a890ca2da4d41533
at java.base/jdk.internal.reflect.DirectConstructorHandleAccessor.newInstance(DirectConstructorHandleAccessor.java:62)
at java.base/java.lang.reflect.Constructor.newInstanceWithCaller(Constructor.java:502)
at java.base/java.lang.reflect.Constructor.newInstance(Constructor.java:486)
at org.openqa.selenium.remote.codec.w3c.W3CHttpResponseCodec.createException(W3CHttpResponseCodec.java:200)
at org.openqa.selenium.remote.codec.w3c.W3CHttpResponseCodec.decode(W3CHttpResponseCodec.java:133)
at org.openqa.selenium.remote.codec.w3c.W3CHttpResponseCodec.decode(W3CHttpResponseCodec.java:53)
at org.openqa.selenium.remote.HttpCommandExecutor.execute(HttpCommandExecutor.java:193)
at org.openqa.selenium.remote.service.DriverCommandExecutor.invokeExecute(DriverCommandExecutor.java:183)
at org.openqa.selenium.remote.service.DriverCommandExecutor.execute(DriverCommandExecutor.java:158)
at org.openqa.selenium.remote.RemoteWebDriver.execute(RemoteWebDriver.java:543)
at org.openqa.selenium.remote.RemoteWebDriver.execute(RemoteWebDriver.java:598)
at org.openqa.selenium.remote.RemoteWebDriver.execute(RemoteWebDriver.java:602)
at org.openqa.selenium.remote.RemoteWebDriver.getScreenshotAs(RemoteWebDriver.java:318)
at com.TransBnk.Library.UtilityClass.captureScreenshot(UtilityClass.java:79)
at com.TransBnk.testutility.BaseTest.captureScreenshot(BaseTest.java:105)
at java.base/jdk.internal.reflect.DirectMethodHandleAccessor.invoke(DirectMethodHandleAccessor.java:103)
at java.base/java.lang.reflect.Method.invoke(Method.java:580)
at org.testng.internal.invokers.MethodInvocationHelper.invokeMethod(MethodInvocationHelper.java:139)
at org.testng.internal.invokers.MethodInvocationHelper.invokeMethodConsideringTimeout(MethodInvocationHelper.java:69)
at org.testng.internal.invokers.ConfigInvoker.invokeConfigurationMethod(ConfigInvoker.java:390)
at org.testng.internal.invokers.ConfigInvoker.invokeConfigurations(ConfigInvoker.java:325)
at org.testng.internal.invokers.TestInvoker.runConfigMethods(TestInvoker.java:810)
at org.testng.internal.invokers.TestInvoker.runAfterConfigurations(TestInvoker.java:779)
at org.testng.internal.invokers.TestInvoker.invokeMethod(TestInvoker.java:755)
at org.testng.internal.invokers.TestInvoker.invokeTestMethod(TestInvoker.java:227)
at org.testng.internal.invokers.MethodRunner.runInSequence(MethodRunner.java:50)
at org.testng.internal.invokers.TestInvoker$MethodInvocationAgent.invoke(TestInvoker.java:957)
at org.testng.internal.invokers.TestInvoker.invokeTestMethods(TestInvoker.java:200)
at org.testng.internal.invokers.TestMethodWorker.invokeTestMethods(TestMethodWorker.java:148)
at org.testng.internal.invokers.TestMethodWorker.run(TestMethodWorker.java:128)
at java.base/java.util.ArrayList.forEach(ArrayList.java:1596)
at org.testng.TestRunner.privateRun(TestRunner.java:848)
at org.testng.TestRunner.run(TestRunner.java:621)
at org.testng.SuiteRunner.runTest(SuiteRunner.java:443)
at org.testng.SuiteRunner.runSequentially(SuiteRunner.java:437)
at org.testng.SuiteRunner.privateRun(SuiteRunner.java:397)
at org.testng.SuiteRunner.run(SuiteRunner.java:336)
at org.testng.SuiteRunnerWorker.runSuite(SuiteRunnerWorker.java:52)
at org.testng.SuiteRunnerWorker.run(SuiteRunnerWorker.java:95)
at org.testng.TestNG.runSuitesSequentially(TestNG.java:1280)
at org.testng.TestNG.runSuitesLocally(TestNG.java:1200)
at org.testng.TestNG.runSuites(TestNG.java:1114)
at org.testng.TestNG.run(TestNG.java:1082)
at org.testng.remote.AbstractRemoteTestNG.run(AbstractRemoteTestNG.java:115)
at org.testng.remote.RemoteTestNG.initAndRun(RemoteTestNG.java:251)
at org.testng.remote.RemoteTestNG.main(RemoteTestNG.java:77)
]]>
    </error>
  </testcase> <!-- captureScreenshot -->
  <testcase classname="com.TransBnk.TestClass.TestClass_MakerCheckerFlow_ForDifferentEntity" name="Verify_Select_Entity" time="7.105"/>
  <testcase classname="com.TransBnk.TestClass.TestClass_MakerCheckerFlow_ForDifferentEntity" name="Verify_Select_Product" time="3.689"/>
  <testcase classname="com.TransBnk.TestClass.TestClass_MakerCheckerFlow_ForDifferentEntity" name="VerifyClickOnDocuflow" time="2.098"/>
  <testcase classname="com.TransBnk.TestClass.TestClass_MakerCheckerFlow_ForDifferentEntity" name="VerifyClickOnDeals" time="0.687"/>
  <testcase classname="com.TransBnk.TestClass.TestClass_MakerCheckerFlow_ForDifferentEntity" name="ClickOn_Create_button" time="3.160"/>
  <testcase classname="com.TransBnk.TestClass.TestClass_MakerCheckerFlow_ForDifferentEntity" name="Verify_Deal_creation_page" time="13.788">
    <error message="no such window: target window already closed
from unknown error: web view not found
  (Session info: chrome=121.0.6167.140)
Build info: version: &#039;4.8.3&#039;, revision: &#039;e5e76298c3&#039;
System info: os.name: &#039;Windows 10&#039;, os.arch: &#039;amd64&#039;, os.version: &#039;10.0&#039;, java.version: &#039;21.0.1&#039;
Driver info: org.openqa.selenium.chrome.ChromeDriver
Command: [ef8dc493a7075e07a890ca2da4d41533, findElement {using=xpath, value=//label[contains(.,&#039;Do you require a template?&#039;)]}]
Capabilities {acceptInsecureCerts: false, browserName: chrome, browserVersion: 121.0.6167.140, chrome: {chromedriverVersion: 121.0.6167.85 (3f98d690ad7e..., userDataDir: C:\Users\lenovo\AppData\Loc...}, fedcm:accounts: true, goog:chromeOptions: {debuggerAddress: localhost:65108}, networkConnectionEnabled: false, pageLoadStrategy: normal, platformName: WINDOWS, proxy: Proxy(), se:cdp: ws://localhost:65108/devtoo..., se:cdpVersion: 121.0.6167.140, setWindowRect: true, strictFileInteractability: false, timeouts: {implicit: 0, pageLoad: 300000, script: 30000}, unhandledPromptBehavior: dismiss and notify, webauthn:extension:credBlob: true, webauthn:extension:largeBlob: true, webauthn:extension:minPinLength: true, webauthn:extension:prf: true, webauthn:virtualAuthenticators: true}
Session ID: ef8dc493a7075e07a890ca2da4d41533" type="org.openqa.selenium.NoSuchWindowException">
      <![CDATA[org.openqa.selenium.NoSuchWindowException: no such window: target window already closed
from unknown error: web view not found
  (Session info: chrome=121.0.6167.140)
Build info: version: '4.8.3', revision: 'e5e76298c3'
System info: os.name: 'Windows 10', os.arch: 'amd64', os.version: '10.0', java.version: '21.0.1'
Driver info: org.openqa.selenium.chrome.ChromeDriver
Command: [ef8dc493a7075e07a890ca2da4d41533, findElement {using=xpath, value=//label[contains(.,'Do you require a template?')]}]
Capabilities {acceptInsecureCerts: false, browserName: chrome, browserVersion: 121.0.6167.140, chrome: {chromedriverVersion: 121.0.6167.85 (3f98d690ad7e..., userDataDir: C:\Users\lenovo\AppData\Loc...}, fedcm:accounts: true, goog:chromeOptions: {debuggerAddress: localhost:65108}, networkConnectionEnabled: false, pageLoadStrategy: normal, platformName: WINDOWS, proxy: Proxy(), se:cdp: ws://localhost:65108/devtoo..., se:cdpVersion: 121.0.6167.140, setWindowRect: true, strictFileInteractability: false, timeouts: {implicit: 0, pageLoad: 300000, script: 30000}, unhandledPromptBehavior: dismiss and notify, webauthn:extension:credBlob: true, webauthn:extension:largeBlob: true, webauthn:extension:minPinLength: true, webauthn:extension:prf: true, webauthn:virtualAuthenticators: true}
Session ID: ef8dc493a7075e07a890ca2da4d41533
at java.base/jdk.internal.reflect.DirectConstructorHandleAccessor.newInstance(DirectConstructorHandleAccessor.java:62)
at java.base/java.lang.reflect.Constructor.newInstanceWithCaller(Constructor.java:502)
at java.base/java.lang.reflect.Constructor.newInstance(Constructor.java:486)
at org.openqa.selenium.remote.codec.w3c.W3CHttpResponseCodec.createException(W3CHttpResponseCodec.java:200)
at org.openqa.selenium.remote.codec.w3c.W3CHttpResponseCodec.decode(W3CHttpResponseCodec.java:133)
at org.openqa.selenium.remote.codec.w3c.W3CHttpResponseCodec.decode(W3CHttpResponseCodec.java:53)
at org.openqa.selenium.remote.HttpCommandExecutor.execute(HttpCommandExecutor.java:193)
at org.openqa.selenium.remote.service.DriverCommandExecutor.invokeExecute(DriverCommandExecutor.java:183)
at org.openqa.selenium.remote.service.DriverCommandExecutor.execute(DriverCommandExecutor.java:158)
at org.openqa.selenium.remote.RemoteWebDriver.execute(RemoteWebDriver.java:543)
at org.openqa.selenium.remote.ElementLocation$ElementFinder$2.findElement(ElementLocation.java:162)
at org.openqa.selenium.remote.ElementLocation.findElement(ElementLocation.java:60)
at org.openqa.selenium.remote.RemoteWebDriver.findElement(RemoteWebDriver.java:352)
at org.openqa.selenium.remote.RemoteWebDriver.findElement(RemoteWebDriver.java:344)
at org.openqa.selenium.support.pagefactory.DefaultElementLocator.findElement(DefaultElementLocator.java:70)
at org.openqa.selenium.support.pagefactory.internal.LocatingElementHandler.invoke(LocatingElementHandler.java:39)
at jdk.proxy2/jdk.proxy2.$Proxy24.isDisplayed(Unknown Source)
at com.TransBnk.Deal.Deal_Without_Template.ClickOnRequireTemplateRadioButton(Deal_Without_Template.java:453)
at com.TransBnk.TestClass.TestClass_MakerCheckerFlow_ForDifferentEntity.Verify_Deal_creation_page(TestClass_MakerCheckerFlow_ForDifferentEntity.java:53)
at java.base/jdk.internal.reflect.DirectMethodHandleAccessor.invoke(DirectMethodHandleAccessor.java:103)
at java.base/java.lang.reflect.Method.invoke(Method.java:580)
at org.testng.internal.invokers.MethodInvocationHelper.invokeMethod(MethodInvocationHelper.java:139)
at org.testng.internal.invokers.TestInvoker.invokeMethod(TestInvoker.java:664)
at org.testng.internal.invokers.TestInvoker.invokeTestMethod(TestInvoker.java:227)
at org.testng.internal.invokers.MethodRunner.runInSequence(MethodRunner.java:50)
at org.testng.internal.invokers.TestInvoker$MethodInvocationAgent.invoke(TestInvoker.java:957)
at org.testng.internal.invokers.TestInvoker.invokeTestMethods(TestInvoker.java:200)
at org.testng.internal.invokers.TestMethodWorker.invokeTestMethods(TestMethodWorker.java:148)
at org.testng.internal.invokers.TestMethodWorker.run(TestMethodWorker.java:128)
at java.base/java.util.ArrayList.forEach(ArrayList.java:1596)
at org.testng.TestRunner.privateRun(TestRunner.java:848)
at org.testng.TestRunner.run(TestRunner.java:621)
at org.testng.SuiteRunner.runTest(SuiteRunner.java:443)
at org.testng.SuiteRunner.runSequentially(SuiteRunner.java:437)
at org.testng.SuiteRunner.privateRun(SuiteRunner.java:397)
at org.testng.SuiteRunner.run(SuiteRunner.java:336)
at org.testng.SuiteRunnerWorker.runSuite(SuiteRunnerWorker.java:52)
at org.testng.SuiteRunnerWorker.run(SuiteRunnerWorker.java:95)
at org.testng.TestNG.runSuitesSequentially(TestNG.java:1280)
at org.testng.TestNG.runSuitesLocally(TestNG.java:1200)
at org.testng.TestNG.runSuites(TestNG.java:1114)
at org.testng.TestNG.run(TestNG.java:1082)
at org.testng.remote.AbstractRemoteTestNG.run(AbstractRemoteTestNG.java:115)
at org.testng.remote.RemoteTestNG.initAndRun(RemoteTestNG.java:251)
at org.testng.remote.RemoteTestNG.main(RemoteTestNG.java:77)
]]>
    </error>
  </testcase> <!-- Verify_Deal_creation_page -->
  <testcase classname="com.TransBnk.TestClass.TestClass_MakerCheckerFlow_ForDifferentEntity" name="Verify_EnterNumberOfParties" time="0.000">
    <skipped/>
  </testcase> <!-- Verify_EnterNumberOfParties -->
  <testcase classname="com.TransBnk.TestClass.TestClass_MakerCheckerFlow_ForDifferentEntity" name="AddCustomSignatories_party1" time="0.000">
    <skipped/>
  </testcase> <!-- AddCustomSignatories_party1 -->
  <testcase classname="com.TransBnk.TestClass.TestClass_MakerCheckerFlow_ForDifferentEntity" name="ClickOnSelectPredefinedSignatoriesOption" time="0.000">
    <skipped/>
  </testcase> <!-- ClickOnSelectPredefinedSignatoriesOption -->
  <testcase classname="com.TransBnk.TestClass.TestClass_MakerCheckerFlow_ForDifferentEntity" name="SelectPredefinedSignatoriesFromDropdown" time="0.001">
    <skipped/>
  </testcase> <!-- SelectPredefinedSignatoriesFromDropdown -->
  <testcase classname="com.TransBnk.TestClass.TestClass_MakerCheckerFlow_ForDifferentEntity" name="ClickOnConfirmButton" time="0.000">
    <skipped/>
  </testcase> <!-- ClickOnConfirmButton -->
  <testcase classname="com.TransBnk.TestClass.TestClass_MakerCheckerFlow_ForDifferentEntity" name="ClickOnDropDown_Party2" time="0.000">
    <skipped/>
  </testcase> <!-- ClickOnDropDown_Party2 -->
  <testcase classname="com.TransBnk.TestClass.TestClass_MakerCheckerFlow_ForDifferentEntity" name="AddCustomSignatories_Party2" time="0.000">
    <skipped/>
  </testcase> <!-- AddCustomSignatories_Party2 -->
  <testcase classname="com.TransBnk.TestClass.TestClass_MakerCheckerFlow_ForDifferentEntity" name="Verify_EmptyFieldValidation_CustomeSignatories" time="0.000">
    <skipped/>
  </testcase> <!-- Verify_EmptyFieldValidation_CustomeSignatories -->
  <testcase classname="com.TransBnk.TestClass.TestClass_MakerCheckerFlow_ForDifferentEntity" name="VerifyInvalidInputs_fieldValidation_CustomeSignatories" time="0.001">
    <skipped/>
  </testcase> <!-- VerifyInvalidInputs_fieldValidation_CustomeSignatories -->
  <testcase classname="com.TransBnk.TestClass.TestClass_MakerCheckerFlow_ForDifferentEntity" name="ClickOnAddCustomSignatories_Party2" time="0.000">
    <skipped/>
  </testcase> <!-- ClickOnAddCustomSignatories_Party2 -->
  <testcase classname="com.TransBnk.TestClass.TestClass_MakerCheckerFlow_ForDifferentEntity" name="EnterValidDetails_CustomSignatories_Party2" time="0.000">
    <skipped/>
  </testcase> <!-- EnterValidDetails_CustomSignatories_Party2 -->
  <testcase classname="com.TransBnk.TestClass.TestClass_MakerCheckerFlow_ForDifferentEntity" name="Verify_AddCustomSignatories_party3" time="0.000">
    <skipped/>
  </testcase> <!-- Verify_AddCustomSignatories_party3 -->
  <testcase classname="com.TransBnk.TestClass.TestClass_MakerCheckerFlow_ForDifferentEntity" name="Verify_performActionsBasedOnDealRefID" time="0.000">
    <skipped/>
  </testcase> <!-- Verify_performActionsBasedOnDealRefID -->
  <testcase classname="com.TransBnk.TestClass.TestClass_MakerCheckerFlow_ForDifferentEntity" name="Verify_ClickOnSendForExecutionButton" time="0.000">
    <skipped/>
  </testcase> <!-- Verify_ClickOnSendForExecutionButton -->
  <testcase classname="com.TransBnk.TestClass.TestClass_MakerCheckerFlow_ForDifferentEntity" name="Select_Entity_forDiffMakerCheker" time="0.000">
    <skipped/>
  </testcase> <!-- Select_Entity_forDiffMakerCheker -->
  <testcase classname="com.TransBnk.TestClass.TestClass_MakerCheckerFlow_ForDifferentEntity" name="ClickOnDocuflowOption" time="0.000">
    <skipped/>
  </testcase> <!-- ClickOnDocuflowOption -->
  <testcase classname="com.TransBnk.TestClass.TestClass_MakerCheckerFlow_ForDifferentEntity" name="ClickOn_DealVerificationOption" time="0.000">
    <skipped/>
  </testcase> <!-- ClickOn_DealVerificationOption -->
  <testcase classname="com.TransBnk.TestClass.TestClass_MakerCheckerFlow_ForDifferentEntity" name="PerformActionBasedOnDealID_ForDeal_Verification" time="0.001">
    <skipped/>
  </testcase> <!-- PerformActionBasedOnDealID_ForDeal_Verification -->
  <testcase classname="com.TransBnk.TestClass.TestClass_MakerCheckerFlow_ForDifferentEntity" name="ClickOnSendForExecutionButton" time="0.000">
    <skipped/>
  </testcase> <!-- ClickOnSendForExecutionButton -->
</testsuite> <!-- com.TransBnk.TestClass.TestClass_MakerCheckerFlow_ForDifferentEntity -->
